[0305/185501.666:ERROR:process_reader_win.cc(123)] NtOpenThread: {无法访问} 过程已请求访问一对象，但未给访问权限。 (0xc0000022)
[0305/185501.673:ERROR:exception_snapshot_win.cc(98)] thread ID 11184 not found in process
[0305/185501.693:ERROR:process_reader_win.cc(123)] NtOpenThread: {无法访问} 过程已请求访问一对象，但未给访问权限。 (0xc0000022)
[0305/185501.693:ERROR:exception_snapshot_win.cc(98)] thread ID 1704 not found in process
[0305/185501.713:ERROR:process_reader_win.cc(123)] NtOpenThread: {无法访问} 过程已请求访问一对象，但未给访问权限。 (0xc0000022)
[0305/185501.713:ERROR:exception_snapshot_win.cc(98)] thread ID 10920 not found in process
[0305/185501.742:ERROR:process_reader_win.cc(123)] NtOpenThread: {无法访问} 过程已请求访问一对象，但未给访问权限。 (0xc0000022)
[0305/185501.742:ERROR:exception_snapshot_win.cc(98)] thread ID 12576 not found in process
[0305/185501.831:ERROR:process_reader_win.cc(123)] NtOpenThread: {无法访问} 过程已请求访问一对象，但未给访问权限。 (0xc0000022)
[0305/185501.831:ERROR:exception_snapshot_win.cc(98)] thread ID 11412 not found in process
[0305/185501.852:ERROR:process_reader_win.cc(123)] NtOpenThread: {无法访问} 过程已请求访问一对象，但未给访问权限。 (0xc0000022)
[0305/185501.852:ERROR:exception_snapshot_win.cc(98)] thread ID 12200 not found in process
[0305/185501.862:ERROR:process_reader_win.cc(123)] NtOpenThread: {无法访问} 过程已请求访问一对象，但未给访问权限。 (0xc0000022)
[0305/185501.862:ERROR:exception_snapshot_win.cc(98)] thread ID 9140 not found in process
[0305/185858.899:ERROR:process_reader_win.cc(123)] NtOpenThread: {无法访问} 过程已请求访问一对象，但未给访问权限。 (0xc0000022)
[0305/185858.901:ERROR:exception_snapshot_win.cc(98)] thread ID 11616 not found in process
[0305/185859.012:ERROR:process_reader_win.cc(123)] NtOpenThread: {无法访问} 过程已请求访问一对象，但未给访问权限。 (0xc0000022)
[0305/185859.012:ERROR:exception_snapshot_win.cc(98)] thread ID 12704 not found in process
[0305/185859.215:ERROR:process_reader_win.cc(123)] NtOpenThread: {无法访问} 过程已请求访问一对象，但未给访问权限。 (0xc0000022)
[0305/185859.216:ERROR:exception_snapshot_win.cc(98)] thread ID 10504 not found in process
[0305/185859.346:ERROR:process_reader_win.cc(123)] NtOpenThread: {无法访问} 过程已请求访问一对象，但未给访问权限。 (0xc0000022)
[0305/185859.346:ERROR:exception_snapshot_win.cc(98)] thread ID 7520 not found in process
[0305/185859.541:ERROR:process_reader_win.cc(123)] NtOpenThread: {无法访问} 过程已请求访问一对象，但未给访问权限。 (0xc0000022)
[0305/185859.542:ERROR:exception_snapshot_win.cc(98)] thread ID 4756 not found in process
[0305/185859.768:ERROR:process_reader_win.cc(123)] NtOpenThread: {无法访问} 过程已请求访问一对象，但未给访问权限。 (0xc0000022)
[0305/185859.768:ERROR:exception_snapshot_win.cc(98)] thread ID 10656 not found in process
[0305/185900.017:ERROR:process_reader_win.cc(123)] NtOpenThread: {无法访问} 过程已请求访问一对象，但未给访问权限。 (0xc0000022)
[0305/185900.018:ERROR:exception_snapshot_win.cc(98)] thread ID 12484 not found in process
[0305/190803.594:ERROR:process_reader_win.cc(123)] NtOpenThread: {无法访问} 过程已请求访问一对象，但未给访问权限。 (0xc0000022)
[0305/190803.597:ERROR:exception_snapshot_win.cc(98)] thread ID 11092 not found in process
[0305/190803.613:ERROR:process_reader_win.cc(123)] NtOpenThread: {无法访问} 过程已请求访问一对象，但未给访问权限。 (0xc0000022)
[0305/190803.613:ERROR:exception_snapshot_win.cc(98)] thread ID 12896 not found in process
[0305/190803.671:ERROR:process_reader_win.cc(123)] NtOpenThread: {无法访问} 过程已请求访问一对象，但未给访问权限。 (0xc0000022)
[0305/190803.671:ERROR:exception_snapshot_win.cc(98)] thread ID 3104 not found in process
[0305/190803.703:ERROR:process_reader_win.cc(123)] NtOpenThread: {无法访问} 过程已请求访问一对象，但未给访问权限。 (0xc0000022)
[0305/190803.703:ERROR:exception_snapshot_win.cc(98)] thread ID 10908 not found in process
[0305/190803.740:ERROR:process_reader_win.cc(123)] NtOpenThread: {无法访问} 过程已请求访问一对象，但未给访问权限。 (0xc0000022)
[0305/190803.740:ERROR:exception_snapshot_win.cc(98)] thread ID 11288 not found in process
[0305/191746.967:ERROR:process_reader_win.cc(123)] NtOpenThread: {无法访问} 过程已请求访问一对象，但未给访问权限。 (0xc0000022)
[0305/191746.969:ERROR:exception_snapshot_win.cc(98)] thread ID 12228 not found in process
[0305/191746.978:ERROR:process_reader_win.cc(123)] NtOpenThread: {无法访问} 过程已请求访问一对象，但未给访问权限。 (0xc0000022)
[0305/191746.978:ERROR:exception_snapshot_win.cc(98)] thread ID 7188 not found in process
[0305/191747.047:ERROR:process_reader_win.cc(151)] SuspendThread: 拒绝访问。 (0x5)
[0305/191747.048:ERROR:process_reader_win.cc(151)] SuspendThread: 拒绝访问。 (0x5)
[0305/191747.048:ERROR:process_reader_win.cc(151)] SuspendThread: 拒绝访问。 (0x5)
[0305/191747.048:ERROR:process_reader_win.cc(123)] NtOpenThread: {无法访问} 过程已请求访问一对象，但未给访问权限。 (0xc0000022)
[0305/191747.050:ERROR:exception_snapshot_win.cc(98)] thread ID 5352 not found in process
[0305/191747.079:ERROR:process_reader_win.cc(123)] NtOpenThread: {无法访问} 过程已请求访问一对象，但未给访问权限。 (0xc0000022)
[0305/191747.079:ERROR:exception_snapshot_win.cc(98)] thread ID 12532 not found in process
[0305/191747.087:ERROR:process_reader_win.cc(123)] NtOpenThread: {无法访问} 过程已请求访问一对象，但未给访问权限。 (0xc0000022)
[0305/191747.087:ERROR:exception_snapshot_win.cc(98)] thread ID 13196 not found in process
[0305/191747.111:ERROR:process_reader_win.cc(123)] NtOpenThread: {无法访问} 过程已请求访问一对象，但未给访问权限。 (0xc0000022)
[0305/191747.111:ERROR:exception_snapshot_win.cc(98)] thread ID 12824 not found in process
[0305/192142.581:ERROR:process_reader_win.cc(123)] NtOpenThread: {无法访问} 过程已请求访问一对象，但未给访问权限。 (0xc0000022)
[0305/192142.587:ERROR:exception_snapshot_win.cc(98)] thread ID 9180 not found in process
[0305/192142.671:ERROR:process_reader_win.cc(123)] NtOpenThread: {无法访问} 过程已请求访问一对象，但未给访问权限。 (0xc0000022)
[0305/192142.671:ERROR:exception_snapshot_win.cc(98)] thread ID 10724 not found in process
[0305/192142.705:ERROR:process_reader_win.cc(123)] NtOpenThread: {无法访问} 过程已请求访问一对象，但未给访问权限。 (0xc0000022)
[0305/192142.705:ERROR:exception_snapshot_win.cc(98)] thread ID 12528 not found in process
[0305/192142.718:ERROR:process_reader_win.cc(123)] NtOpenThread: {无法访问} 过程已请求访问一对象，但未给访问权限。 (0xc0000022)
[0305/192142.718:ERROR:exception_snapshot_win.cc(98)] thread ID 8136 not found in process
[0305/192142.742:ERROR:process_reader_win.cc(123)] NtOpenThread: {无法访问} 过程已请求访问一对象，但未给访问权限。 (0xc0000022)
[0305/192142.743:ERROR:exception_snapshot_win.cc(98)] thread ID 10220 not found in process
[0305/192142.750:ERROR:process_reader_win.cc(123)] NtOpenThread: {无法访问} 过程已请求访问一对象，但未给访问权限。 (0xc0000022)
[0305/192142.751:ERROR:exception_snapshot_win.cc(98)] thread ID 5848 not found in process
[0305/215622.779:ERROR:process_reader_win.cc(123)] NtOpenThread: {无法访问} 过程已请求访问一对象，但未给访问权限。 (0xc0000022)
[0305/215622.780:ERROR:exception_snapshot_win.cc(98)] thread ID 4112 not found in process
[0305/215622.829:ERROR:process_reader_win.cc(123)] NtOpenThread: {无法访问} 过程已请求访问一对象，但未给访问权限。 (0xc0000022)
[0305/215622.830:ERROR:exception_snapshot_win.cc(98)] thread ID 12576 not found in process
[0305/215622.865:ERROR:process_reader_win.cc(123)] NtOpenThread: {无法访问} 过程已请求访问一对象，但未给访问权限。 (0xc0000022)
[0305/215622.865:ERROR:exception_snapshot_win.cc(98)] thread ID 12268 not found in process
[0305/215622.874:ERROR:process_reader_win.cc(123)] NtOpenThread: {无法访问} 过程已请求访问一对象，但未给访问权限。 (0xc0000022)
[0305/215622.874:ERROR:exception_snapshot_win.cc(98)] thread ID 13032 not found in process
[0305/215622.929:ERROR:process_reader_win.cc(151)] SuspendThread: 拒绝访问。 (0x5)
[0305/215622.929:ERROR:process_reader_win.cc(123)] NtOpenThread: {无法访问} 过程已请求访问一对象，但未给访问权限。 (0xc0000022)
[0305/215622.929:ERROR:exception_snapshot_win.cc(98)] thread ID 8204 not found in process
[0305/215623.004:ERROR:process_reader_win.cc(123)] NtOpenThread: {无法访问} 过程已请求访问一对象，但未给访问权限。 (0xc0000022)
[0305/215623.004:ERROR:exception_snapshot_win.cc(98)] thread ID 2872 not found in process
[0305/223133.515:ERROR:process_reader_win.cc(123)] NtOpenThread: {无法访问} 过程已请求访问一对象，但未给访问权限。 (0xc0000022)
[0305/223133.517:ERROR:exception_snapshot_win.cc(98)] thread ID 13032 not found in process
[0305/223133.593:ERROR:process_reader_win.cc(123)] NtOpenThread: {无法访问} 过程已请求访问一对象，但未给访问权限。 (0xc0000022)
[0305/223133.593:ERROR:exception_snapshot_win.cc(98)] thread ID 13188 not found in process
[0305/223133.646:ERROR:process_reader_win.cc(123)] NtOpenThread: {无法访问} 过程已请求访问一对象，但未给访问权限。 (0xc0000022)
[0305/223133.646:ERROR:exception_snapshot_win.cc(98)] thread ID 8088 not found in process
[0305/223133.686:ERROR:process_reader_win.cc(123)] NtOpenThread: {无法访问} 过程已请求访问一对象，但未给访问权限。 (0xc0000022)
[0305/223133.686:ERROR:exception_snapshot_win.cc(98)] thread ID 13204 not found in process
[0305/223313.922:ERROR:process_reader_win.cc(123)] NtOpenThread: {无法访问} 过程已请求访问一对象，但未给访问权限。 (0xc0000022)
[0305/223313.925:ERROR:exception_snapshot_win.cc(98)] thread ID 4904 not found in process
[0305/223313.931:ERROR:process_reader_win.cc(123)] NtOpenThread: {无法访问} 过程已请求访问一对象，但未给访问权限。 (0xc0000022)
[0305/223313.932:ERROR:exception_snapshot_win.cc(98)] thread ID 10968 not found in process
[0305/223313.944:ERROR:process_reader_win.cc(123)] NtOpenThread: {无法访问} 过程已请求访问一对象，但未给访问权限。 (0xc0000022)
[0305/223313.945:ERROR:exception_snapshot_win.cc(98)] thread ID 9936 not found in process
[0305/223313.981:ERROR:process_reader_win.cc(123)] NtOpenThread: {无法访问} 过程已请求访问一对象，但未给访问权限。 (0xc0000022)
[0305/223313.982:ERROR:exception_snapshot_win.cc(98)] thread ID 9016 not found in process
[0305/223314.031:ERROR:process_reader_win.cc(123)] NtOpenThread: {无法访问} 过程已请求访问一对象，但未给访问权限。 (0xc0000022)
[0305/223314.032:ERROR:exception_snapshot_win.cc(98)] thread ID 13216 not found in process
[0305/223314.129:ERROR:process_reader_win.cc(123)] NtOpenThread: {无法访问} 过程已请求访问一对象，但未给访问权限。 (0xc0000022)
[0305/223314.129:ERROR:exception_snapshot_win.cc(98)] thread ID 10264 not found in process
[0305/223314.153:ERROR:process_reader_win.cc(123)] NtOpenThread: {无法访问} 过程已请求访问一对象，但未给访问权限。 (0xc0000022)
[0305/223314.153:ERROR:exception_snapshot_win.cc(98)] thread ID 4500 not found in process
[0305/223512.209:ERROR:process_reader_win.cc(123)] NtOpenThread: {无法访问} 过程已请求访问一对象，但未给访问权限。 (0xc0000022)
[0305/223512.210:ERROR:exception_snapshot_win.cc(98)] thread ID 11452 not found in process
[0305/223512.293:ERROR:process_reader_win.cc(123)] NtOpenThread: {无法访问} 过程已请求访问一对象，但未给访问权限。 (0xc0000022)
[0305/223512.293:ERROR:exception_snapshot_win.cc(98)] thread ID 12308 not found in process
[0305/223512.443:ERROR:process_reader_win.cc(123)] NtOpenThread: {无法访问} 过程已请求访问一对象，但未给访问权限。 (0xc0000022)
[0305/223512.444:ERROR:exception_snapshot_win.cc(98)] thread ID 11628 not found in process
[0305/223512.630:ERROR:process_reader_win.cc(123)] NtOpenThread: {无法访问} 过程已请求访问一对象，但未给访问权限。 (0xc0000022)
[0305/223512.630:ERROR:exception_snapshot_win.cc(98)] thread ID 9860 not found in process
[0305/223512.769:ERROR:process_reader_win.cc(123)] NtOpenThread: {无法访问} 过程已请求访问一对象，但未给访问权限。 (0xc0000022)
[0305/223512.769:ERROR:exception_snapshot_win.cc(98)] thread ID 13144 not found in process
[0305/223512.950:ERROR:process_reader_win.cc(123)] NtOpenThread: {无法访问} 过程已请求访问一对象，但未给访问权限。 (0xc0000022)
[0305/223512.950:ERROR:exception_snapshot_win.cc(98)] thread ID 13164 not found in process
[0305/223513.159:ERROR:process_reader_win.cc(123)] NtOpenThread: {无法访问} 过程已请求访问一对象，但未给访问权限。 (0xc0000022)
[0305/223513.160:ERROR:exception_snapshot_win.cc(98)] thread ID 9968 not found in process
[0305/231044.140:ERROR:process_reader_win.cc(123)] NtOpenThread: {无法访问} 过程已请求访问一对象，但未给访问权限。 (0xc0000022)
[0305/231044.142:ERROR:exception_snapshot_win.cc(98)] thread ID 2472 not found in process
[0305/231044.237:ERROR:process_reader_win.cc(123)] NtOpenThread: {无法访问} 过程已请求访问一对象，但未给访问权限。 (0xc0000022)
[0305/231044.238:ERROR:exception_snapshot_win.cc(98)] thread ID 13220 not found in process
[0305/231044.383:ERROR:process_reader_win.cc(123)] NtOpenThread: {无法访问} 过程已请求访问一对象，但未给访问权限。 (0xc0000022)
[0305/231044.383:ERROR:exception_snapshot_win.cc(98)] thread ID 4500 not found in process
[0305/231044.560:ERROR:process_reader_win.cc(123)] NtOpenThread: {无法访问} 过程已请求访问一对象，但未给访问权限。 (0xc0000022)
[0305/231044.560:ERROR:exception_snapshot_win.cc(98)] thread ID 6980 not found in process
[0305/231044.685:ERROR:process_reader_win.cc(123)] NtOpenThread: {无法访问} 过程已请求访问一对象，但未给访问权限。 (0xc0000022)
[0305/231044.685:ERROR:exception_snapshot_win.cc(98)] thread ID 3424 not found in process
[0305/231044.880:ERROR:process_reader_win.cc(123)] NtOpenThread: {无法访问} 过程已请求访问一对象，但未给访问权限。 (0xc0000022)
[0305/231044.880:ERROR:exception_snapshot_win.cc(98)] thread ID 13076 not found in process
[0305/231045.228:ERROR:process_reader_win.cc(123)] NtOpenThread: {无法访问} 过程已请求访问一对象，但未给访问权限。 (0xc0000022)
[0305/231045.228:ERROR:exception_snapshot_win.cc(98)] thread ID 12972 not found in process
[0305/232430.612:ERROR:process_reader_win.cc(123)] NtOpenThread: {无法访问} 过程已请求访问一对象，但未给访问权限。 (0xc0000022)
[0305/232430.615:ERROR:exception_snapshot_win.cc(98)] thread ID 11488 not found in process
[0305/232430.661:ERROR:process_reader_win.cc(123)] NtOpenThread: {无法访问} 过程已请求访问一对象，但未给访问权限。 (0xc0000022)
[0305/232430.661:ERROR:exception_snapshot_win.cc(98)] thread ID 8484 not found in process
[0305/232430.707:ERROR:process_reader_win.cc(123)] NtOpenThread: {无法访问} 过程已请求访问一对象，但未给访问权限。 (0xc0000022)
[0305/232430.707:ERROR:exception_snapshot_win.cc(98)] thread ID 7400 not found in process
[0305/232430.729:ERROR:process_reader_win.cc(123)] NtOpenThread: {无法访问} 过程已请求访问一对象，但未给访问权限。 (0xc0000022)
[0305/232430.729:ERROR:exception_snapshot_win.cc(98)] thread ID 10504 not found in process
[0305/232430.781:ERROR:process_reader_win.cc(123)] NtOpenThread: {无法访问} 过程已请求访问一对象，但未给访问权限。 (0xc0000022)
[0305/232430.781:ERROR:exception_snapshot_win.cc(98)] thread ID 11868 not found in process
[0305/233834.589:ERROR:process_reader_win.cc(123)] NtOpenThread: {无法访问} 过程已请求访问一对象，但未给访问权限。 (0xc0000022)
[0305/233834.592:ERROR:exception_snapshot_win.cc(98)] thread ID 13216 not found in process
[0305/233834.593:ERROR:process_reader_win.cc(123)] NtOpenThread: {无法访问} 过程已请求访问一对象，但未给访问权限。 (0xc0000022)
[0305/233834.593:ERROR:exception_snapshot_win.cc(98)] thread ID 13252 not found in process
[0305/233834.653:ERROR:process_reader_win.cc(123)] NtOpenThread: {无法访问} 过程已请求访问一对象，但未给访问权限。 (0xc0000022)
[0305/233834.653:ERROR:exception_snapshot_win.cc(98)] thread ID 11112 not found in process
[0305/233834.698:ERROR:process_reader_win.cc(123)] NtOpenThread: {无法访问} 过程已请求访问一对象，但未给访问权限。 (0xc0000022)
[0305/233834.698:ERROR:exception_snapshot_win.cc(98)] thread ID 10904 not found in process
[0305/233834.731:ERROR:process_reader_win.cc(123)] NtOpenThread: {无法访问} 过程已请求访问一对象，但未给访问权限。 (0xc0000022)
[0305/233834.731:ERROR:exception_snapshot_win.cc(98)] thread ID 9960 not found in process
[0305/233834.828:ERROR:process_info.cc(329)] VirtualQueryEx: 拒绝访问。 (0x5)
[0305/233834.828:ERROR:process_info.cc(556)] ReadMemoryInfo failed
[0305/233834.828:ERROR:process_memory_win.cc(39)] Failed to initialize ProcessInfo.
[0305/233834.829:ERROR:scoped_process_suspend.cc(40)] NtResumeProcess: 已尝试访问正在退出的过程。 (0xc000010a)
[0306/082011.851:ERROR:process_reader_win.cc(123)] NtOpenThread: {无法访问} 过程已请求访问一对象，但未给访问权限。 (0xc0000022)
[0306/082011.863:ERROR:process_reader_win.cc(123)] NtOpenThread: {无法访问} 过程已请求访问一对象，但未给访问权限。 (0xc0000022)
[0306/082011.864:ERROR:exception_snapshot_win.cc(98)] thread ID 13904 not found in process
[0306/082011.864:ERROR:exception_snapshot_win.cc(98)] thread ID 8788 not found in process
[0306/082011.880:ERROR:process_reader_win.cc(123)] NtOpenThread: {无法访问} 过程已请求访问一对象，但未给访问权限。 (0xc0000022)
[0306/082011.880:ERROR:exception_snapshot_win.cc(98)] thread ID 6992 not found in process
[0306/082011.932:ERROR:process_reader_win.cc(123)] NtOpenThread: {无法访问} 过程已请求访问一对象，但未给访问权限。 (0xc0000022)
[0306/082011.932:ERROR:exception_snapshot_win.cc(98)] thread ID 6840 not found in process
[0306/082011.961:ERROR:process_reader_win.cc(123)] NtOpenThread: {无法访问} 过程已请求访问一对象，但未给访问权限。 (0xc0000022)
[0306/082011.961:ERROR:exception_snapshot_win.cc(98)] thread ID 14076 not found in process
[0306/082012.013:ERROR:process_reader_win.cc(123)] NtOpenThread: {无法访问} 过程已请求访问一对象，但未给访问权限。 (0xc0000022)
[0306/082012.013:ERROR:exception_snapshot_win.cc(98)] thread ID 11300 not found in process
[0306/082012.029:ERROR:process_reader_win.cc(123)] NtOpenThread: {无法访问} 过程已请求访问一对象，但未给访问权限。 (0xc0000022)
[0306/082012.029:ERROR:exception_snapshot_win.cc(98)] thread ID 12048 not found in process
[0306/085909.945:ERROR:process_reader_win.cc(123)] NtOpenThread: {无法访问} 过程已请求访问一对象，但未给访问权限。 (0xc0000022)
[0306/085909.947:ERROR:exception_snapshot_win.cc(98)] thread ID 13648 not found in process
[0306/085909.973:ERROR:process_reader_win.cc(123)] NtOpenThread: {无法访问} 过程已请求访问一对象，但未给访问权限。 (0xc0000022)
[0306/085909.973:ERROR:exception_snapshot_win.cc(98)] thread ID 11868 not found in process
[0306/085910.086:ERROR:process_reader_win.cc(123)] NtOpenThread: {无法访问} 过程已请求访问一对象，但未给访问权限。 (0xc0000022)
[0306/085910.086:ERROR:exception_snapshot_win.cc(98)] thread ID 9764 not found in process
[0306/085910.116:ERROR:process_reader_win.cc(123)] NtOpenThread: {无法访问} 过程已请求访问一对象，但未给访问权限。 (0xc0000022)
[0306/085910.116:ERROR:exception_snapshot_win.cc(98)] thread ID 8600 not found in process
[0306/085910.177:ERROR:process_reader_win.cc(123)] NtOpenThread: {无法访问} 过程已请求访问一对象，但未给访问权限。 (0xc0000022)
[0306/085910.177:ERROR:exception_snapshot_win.cc(98)] thread ID 11276 not found in process
[0306/160610.678:ERROR:process_reader_win.cc(123)] NtOpenThread: {无法访问} 过程已请求访问一对象，但未给访问权限。 (0xc0000022)
[0306/160610.681:ERROR:exception_snapshot_win.cc(98)] thread ID 9792 not found in process
[0306/160610.736:ERROR:process_reader_win.cc(151)] SuspendThread: 拒绝访问。 (0x5)
[0306/160610.737:ERROR:process_reader_win.cc(151)] SuspendThread: 拒绝访问。 (0x5)
[0306/160610.737:ERROR:process_reader_win.cc(151)] SuspendThread: 拒绝访问。 (0x5)
[0306/160610.737:ERROR:process_reader_win.cc(123)] NtOpenThread: {无法访问} 过程已请求访问一对象，但未给访问权限。 (0xc0000022)
[0306/160610.737:ERROR:exception_snapshot_win.cc(98)] thread ID 14068 not found in process
[0306/160610.791:ERROR:process_reader_win.cc(123)] NtOpenThread: {无法访问} 过程已请求访问一对象，但未给访问权限。 (0xc0000022)
[0306/160610.791:ERROR:exception_snapshot_win.cc(98)] thread ID 12332 not found in process
[0306/160610.849:ERROR:process_reader_win.cc(123)] NtOpenThread: {无法访问} 过程已请求访问一对象，但未给访问权限。 (0xc0000022)
[0306/160610.850:ERROR:exception_snapshot_win.cc(98)] thread ID 10224 not found in process
[0306/160610.855:ERROR:process_reader_win.cc(123)] NtOpenThread: {无法访问} 过程已请求访问一对象，但未给访问权限。 (0xc0000022)
[0306/160610.857:ERROR:exception_snapshot_win.cc(98)] thread ID 13216 not found in process
[0306/160610.894:ERROR:process_reader_win.cc(123)] NtOpenThread: {无法访问} 过程已请求访问一对象，但未给访问权限。 (0xc0000022)
[0306/160610.894:ERROR:exception_snapshot_win.cc(98)] thread ID 8156 not found in process
[0306/160610.898:ERROR:process_reader_win.cc(151)] SuspendThread: 拒绝访问。 (0x5)
[0306/160610.898:ERROR:process_reader_win.cc(151)] SuspendThread: 拒绝访问。 (0x5)
[0306/160610.898:ERROR:process_reader_win.cc(151)] SuspendThread: 拒绝访问。 (0x5)
[0306/160610.898:ERROR:process_reader_win.cc(151)] SuspendThread: 拒绝访问。 (0x5)
[0306/160610.898:ERROR:process_reader_win.cc(123)] NtOpenThread: {无法访问} 过程已请求访问一对象，但未给访问权限。 (0xc0000022)
[0306/160610.898:ERROR:exception_snapshot_win.cc(98)] thread ID 10040 not found in process
[0306/160610.907:ERROR:process_reader_win.cc(123)] NtOpenThread: {无法访问} 过程已请求访问一对象，但未给访问权限。 (0xc0000022)
[0306/160610.908:ERROR:exception_snapshot_win.cc(98)] thread ID 1004 not found in process
[0306/160610.977:ERROR:process_reader_win.cc(123)] NtOpenThread: {无法访问} 过程已请求访问一对象，但未给访问权限。 (0xc0000022)
[0306/160610.977:ERROR:exception_snapshot_win.cc(98)] thread ID 13760 not found in process
[0306/160611.032:ERROR:process_reader_win.cc(123)] NtOpenThread: {无法访问} 过程已请求访问一对象，但未给访问权限。 (0xc0000022)
[0306/160611.032:ERROR:exception_snapshot_win.cc(98)] thread ID 8740 not found in process
[0306/160611.172:ERROR:process_reader_win.cc(123)] NtOpenThread: {无法访问} 过程已请求访问一对象，但未给访问权限。 (0xc0000022)
[0306/160611.172:ERROR:exception_snapshot_win.cc(98)] thread ID 8720 not found in process
[0306/160611.248:ERROR:process_reader_win.cc(123)] NtOpenThread: {无法访问} 过程已请求访问一对象，但未给访问权限。 (0xc0000022)
[0306/160611.248:ERROR:exception_snapshot_win.cc(98)] thread ID 8208 not found in process
[0306/163842.029:ERROR:process_reader_win.cc(123)] NtOpenThread: {无法访问} 过程已请求访问一对象，但未给访问权限。 (0xc0000022)
[0306/163842.032:ERROR:exception_snapshot_win.cc(98)] thread ID 10732 not found in process
[0306/163842.047:ERROR:process_reader_win.cc(123)] NtOpenThread: {无法访问} 过程已请求访问一对象，但未给访问权限。 (0xc0000022)
[0306/163842.048:ERROR:exception_snapshot_win.cc(98)] thread ID 7084 not found in process
[0306/163842.067:ERROR:process_reader_win.cc(123)] NtOpenThread: {无法访问} 过程已请求访问一对象，但未给访问权限。 (0xc0000022)
[0306/163842.067:ERROR:exception_snapshot_win.cc(98)] thread ID 12716 not found in process
[0306/163842.088:ERROR:process_reader_win.cc(123)] NtOpenThread: {无法访问} 过程已请求访问一对象，但未给访问权限。 (0xc0000022)
[0306/163842.088:ERROR:exception_snapshot_win.cc(98)] thread ID 8236 not found in process
[0306/163842.232:ERROR:process_reader_win.cc(123)] NtOpenThread: {无法访问} 过程已请求访问一对象，但未给访问权限。 (0xc0000022)
[0306/163842.232:ERROR:exception_snapshot_win.cc(98)] thread ID 6400 not found in process
[0306/184237.917:ERROR:process_reader_win.cc(123)] NtOpenThread: {无法访问} 过程已请求访问一对象，但未给访问权限。 (0xc0000022)
[0306/184237.920:ERROR:exception_snapshot_win.cc(98)] thread ID 13148 not found in process
[0306/184238.056:ERROR:process_reader_win.cc(123)] NtOpenThread: {无法访问} 过程已请求访问一对象，但未给访问权限。 (0xc0000022)
[0306/184238.056:ERROR:exception_snapshot_win.cc(98)] thread ID 8336 not found in process
[0306/184238.066:ERROR:process_reader_win.cc(123)] NtOpenThread: {无法访问} 过程已请求访问一对象，但未给访问权限。 (0xc0000022)
[0306/184238.066:ERROR:exception_snapshot_win.cc(98)] thread ID 13652 not found in process
[0306/184238.119:ERROR:process_reader_win.cc(123)] NtOpenThread: {无法访问} 过程已请求访问一对象，但未给访问权限。 (0xc0000022)
[0306/184238.119:ERROR:exception_snapshot_win.cc(98)] thread ID 8976 not found in process
[0306/184637.900:ERROR:process_reader_win.cc(151)] SuspendThread: 拒绝访问。 (0x5)
[0306/184637.902:ERROR:process_reader_win.cc(151)] SuspendThread: 拒绝访问。 (0x5)
[0306/184637.903:ERROR:process_reader_win.cc(123)] NtOpenThread: {无法访问} 过程已请求访问一对象，但未给访问权限。 (0xc0000022)
[0306/184637.903:ERROR:exception_snapshot_win.cc(98)] thread ID 12360 not found in process
[0306/184637.918:ERROR:process_reader_win.cc(123)] NtOpenThread: {无法访问} 过程已请求访问一对象，但未给访问权限。 (0xc0000022)
[0306/184637.918:ERROR:exception_snapshot_win.cc(98)] thread ID 10096 not found in process
[0306/184637.942:ERROR:process_reader_win.cc(123)] NtOpenThread: {无法访问} 过程已请求访问一对象，但未给访问权限。 (0xc0000022)
[0306/184637.943:ERROR:exception_snapshot_win.cc(98)] thread ID 7136 not found in process
[0306/184638.029:ERROR:process_reader_win.cc(123)] NtOpenThread: {无法访问} 过程已请求访问一对象，但未给访问权限。 (0xc0000022)
[0306/184638.029:ERROR:exception_snapshot_win.cc(98)] thread ID 13088 not found in process
[0306/184638.070:ERROR:process_reader_win.cc(123)] NtOpenThread: {无法访问} 过程已请求访问一对象，但未给访问权限。 (0xc0000022)
[0306/184638.070:ERROR:exception_snapshot_win.cc(98)] thread ID 6592 not found in process
[0306/184638.098:ERROR:process_reader_win.cc(123)] NtOpenThread: {无法访问} 过程已请求访问一对象，但未给访问权限。 (0xc0000022)
[0306/184638.098:ERROR:exception_snapshot_win.cc(98)] thread ID 11288 not found in process
[0306/184638.111:ERROR:process_reader_win.cc(123)] NtOpenThread: {无法访问} 过程已请求访问一对象，但未给访问权限。 (0xc0000022)
[0306/184638.111:ERROR:exception_snapshot_win.cc(98)] thread ID 11652 not found in process
[0306/205613.316:ERROR:process_reader_win.cc(151)] SuspendThread: 拒绝访问。 (0x5)
[0306/205613.316:ERROR:process_reader_win.cc(123)] NtOpenThread: {无法访问} 过程已请求访问一对象，但未给访问权限。 (0xc0000022)
[0306/205613.318:ERROR:exception_snapshot_win.cc(98)] thread ID 10528 not found in process
[0306/205613.318:ERROR:process_reader_win.cc(123)] NtOpenThread: {无法访问} 过程已请求访问一对象，但未给访问权限。 (0xc0000022)
[0306/205613.330:ERROR:exception_snapshot_win.cc(98)] thread ID 10312 not found in process
[0306/205613.337:ERROR:process_reader_win.cc(151)] SuspendThread: 拒绝访问。 (0x5)
[0306/205613.337:ERROR:process_reader_win.cc(123)] NtOpenThread: {无法访问} 过程已请求访问一对象，但未给访问权限。 (0xc0000022)
[0306/205613.337:ERROR:exception_snapshot_win.cc(98)] thread ID 6900 not found in process
[0306/205613.348:ERROR:process_reader_win.cc(123)] NtOpenThread: {无法访问} 过程已请求访问一对象，但未给访问权限。 (0xc0000022)
[0306/205613.348:ERROR:exception_snapshot_win.cc(98)] thread ID 10848 not found in process
[0306/205613.483:ERROR:process_reader_win.cc(123)] NtOpenThread: {无法访问} 过程已请求访问一对象，但未给访问权限。 (0xc0000022)
[0306/205613.483:ERROR:exception_snapshot_win.cc(98)] thread ID 1212 not found in process
[0306/205613.623:ERROR:process_reader_win.cc(123)] NtOpenThread: {无法访问} 过程已请求访问一对象，但未给访问权限。 (0xc0000022)
[0306/205613.623:ERROR:exception_snapshot_win.cc(98)] thread ID 11684 not found in process
[0306/222156.956:ERROR:process_reader_win.cc(123)] NtOpenThread: {无法访问} 过程已请求访问一对象，但未给访问权限。 (0xc0000022)
[0306/222156.959:ERROR:exception_snapshot_win.cc(98)] thread ID 10580 not found in process
[0306/222156.957:ERROR:process_reader_win.cc(151)] SuspendThread: 拒绝访问。 (0x5)
[0306/222156.959:ERROR:process_reader_win.cc(123)] NtOpenThread: {无法访问} 过程已请求访问一对象，但未给访问权限。 (0xc0000022)
[0306/222156.959:ERROR:exception_snapshot_win.cc(98)] thread ID 12160 not found in process
[0306/222156.995:ERROR:process_reader_win.cc(123)] NtOpenThread: {无法访问} 过程已请求访问一对象，但未给访问权限。 (0xc0000022)
[0306/222156.995:ERROR:exception_snapshot_win.cc(98)] thread ID 1868 not found in process
[0306/222157.029:ERROR:process_reader_win.cc(123)] NtOpenThread: {无法访问} 过程已请求访问一对象，但未给访问权限。 (0xc0000022)
[0306/222157.029:ERROR:exception_snapshot_win.cc(98)] thread ID 11684 not found in process
[0306/222157.111:ERROR:process_reader_win.cc(123)] NtOpenThread: {无法访问} 过程已请求访问一对象，但未给访问权限。 (0xc0000022)
[0306/222157.111:ERROR:exception_snapshot_win.cc(98)] thread ID 13884 not found in process
[0306/222157.182:ERROR:process_reader_win.cc(123)] NtOpenThread: {无法访问} 过程已请求访问一对象，但未给访问权限。 (0xc0000022)
[0306/222157.182:ERROR:exception_snapshot_win.cc(98)] thread ID 12964 not found in process
[0306/222157.272:ERROR:process_reader_win.cc(123)] NtOpenThread: {无法访问} 过程已请求访问一对象，但未给访问权限。 (0xc0000022)
[0306/222157.272:ERROR:exception_snapshot_win.cc(98)] thread ID 8692 not found in process
[0306/224702.435:ERROR:process_reader_win.cc(123)] NtOpenThread: {无法访问} 过程已请求访问一对象，但未给访问权限。 (0xc0000022)
[0306/224702.437:ERROR:exception_snapshot_win.cc(98)] thread ID 10096 not found in process
[0306/224702.442:ERROR:process_reader_win.cc(123)] NtOpenThread: {无法访问} 过程已请求访问一对象，但未给访问权限。 (0xc0000022)
[0306/224702.442:ERROR:exception_snapshot_win.cc(98)] thread ID 13020 not found in process
[0306/224702.530:ERROR:process_reader_win.cc(123)] NtOpenThread: {无法访问} 过程已请求访问一对象，但未给访问权限。 (0xc0000022)
[0306/224702.530:ERROR:exception_snapshot_win.cc(98)] thread ID 10124 not found in process
[0306/224702.543:ERROR:process_reader_win.cc(123)] NtOpenThread: {无法访问} 过程已请求访问一对象，但未给访问权限。 (0xc0000022)
[0306/224702.543:ERROR:exception_snapshot_win.cc(98)] thread ID 11256 not found in process
[0306/224702.614:ERROR:process_reader_win.cc(123)] NtOpenThread: {无法访问} 过程已请求访问一对象，但未给访问权限。 (0xc0000022)
[0306/224702.614:ERROR:exception_snapshot_win.cc(98)] thread ID 10984 not found in process
[0306/224702.623:ERROR:process_reader_win.cc(123)] NtOpenThread: {无法访问} 过程已请求访问一对象，但未给访问权限。 (0xc0000022)
[0306/224702.623:ERROR:exception_snapshot_win.cc(98)] thread ID 1268 not found in process
[0306/232601.253:ERROR:process_reader_win.cc(123)] NtOpenThread: {无法访问} 过程已请求访问一对象，但未给访问权限。 (0xc0000022)
[0306/232601.255:ERROR:exception_snapshot_win.cc(98)] thread ID 11024 not found in process
[0306/232601.272:ERROR:process_reader_win.cc(123)] NtOpenThread: {无法访问} 过程已请求访问一对象，但未给访问权限。 (0xc0000022)
[0306/232601.273:ERROR:exception_snapshot_win.cc(98)] thread ID 14216 not found in process
[0306/232601.354:ERROR:process_reader_win.cc(123)] NtOpenThread: {无法访问} 过程已请求访问一对象，但未给访问权限。 (0xc0000022)
[0306/232601.354:ERROR:exception_snapshot_win.cc(98)] thread ID 12724 not found in process
[0306/232601.419:ERROR:process_reader_win.cc(123)] NtOpenThread: {无法访问} 过程已请求访问一对象，但未给访问权限。 (0xc0000022)
[0306/232601.420:ERROR:exception_snapshot_win.cc(98)] thread ID 13656 not found in process
[0307/070110.382:ERROR:process_reader_win.cc(123)] NtOpenThread: {无法访问} 过程已请求访问一对象，但未给访问权限。 (0xc0000022)
[0307/070110.433:ERROR:exception_snapshot_win.cc(98)] thread ID 10480 not found in process
[0307/070110.433:ERROR:process_reader_win.cc(123)] NtOpenThread: {无法访问} 过程已请求访问一对象，但未给访问权限。 (0xc0000022)
[0307/070110.433:ERROR:exception_snapshot_win.cc(98)] thread ID 15408 not found in process
[0307/070110.390:ERROR:process_reader_win.cc(151)] SuspendThread: 拒绝访问。 (0x5)
[0307/070110.468:ERROR:process_reader_win.cc(123)] NtOpenThread: {无法访问} 过程已请求访问一对象，但未给访问权限。 (0xc0000022)
[0307/070110.469:ERROR:exception_snapshot_win.cc(98)] thread ID 10848 not found in process
[0307/070110.529:ERROR:process_reader_win.cc(123)] NtOpenThread: {无法访问} 过程已请求访问一对象，但未给访问权限。 (0xc0000022)
[0307/070110.530:ERROR:exception_snapshot_win.cc(98)] thread ID 13724 not found in process
[0307/070110.559:ERROR:process_reader_win.cc(123)] NtOpenThread: {无法访问} 过程已请求访问一对象，但未给访问权限。 (0xc0000022)
[0307/070110.559:ERROR:exception_snapshot_win.cc(98)] thread ID 11892 not found in process
[0307/070110.588:ERROR:process_reader_win.cc(123)] NtOpenThread: {无法访问} 过程已请求访问一对象，但未给访问权限。 (0xc0000022)
[0307/070110.588:ERROR:exception_snapshot_win.cc(98)] thread ID 14560 not found in process
[0307/070110.695:ERROR:process_reader_win.cc(123)] NtOpenThread: {无法访问} 过程已请求访问一对象，但未给访问权限。 (0xc0000022)
[0307/070110.695:ERROR:exception_snapshot_win.cc(98)] thread ID 8372 not found in process
[0307/073755.276:ERROR:process_reader_win.cc(151)] SuspendThread: 拒绝访问。 (0x5)
[0307/073755.286:ERROR:process_reader_win.cc(151)] SuspendThread: 拒绝访问。 (0x5)
[0307/073755.286:ERROR:process_reader_win.cc(123)] NtOpenThread: {无法访问} 过程已请求访问一对象，但未给访问权限。 (0xc0000022)
[0307/073755.286:ERROR:exception_snapshot_win.cc(98)] thread ID 6932 not found in process
[0307/073755.468:ERROR:process_reader_win.cc(123)] NtOpenThread: {无法访问} 过程已请求访问一对象，但未给访问权限。 (0xc0000022)
[0307/073755.468:ERROR:exception_snapshot_win.cc(98)] thread ID 9996 not found in process
[0307/073755.723:ERROR:process_reader_win.cc(123)] NtOpenThread: {无法访问} 过程已请求访问一对象，但未给访问权限。 (0xc0000022)
[0307/073755.723:ERROR:exception_snapshot_win.cc(98)] thread ID 1196 not found in process
[0307/073756.660:ERROR:process_reader_win.cc(123)] NtOpenThread: {无法访问} 过程已请求访问一对象，但未给访问权限。 (0xc0000022)
[0307/073756.660:ERROR:exception_snapshot_win.cc(98)] thread ID 8936 not found in process
[0307/073756.998:ERROR:process_reader_win.cc(123)] NtOpenThread: {无法访问} 过程已请求访问一对象，但未给访问权限。 (0xc0000022)
[0307/073756.999:ERROR:exception_snapshot_win.cc(98)] thread ID 7396 not found in process
[0307/073757.173:ERROR:process_reader_win.cc(123)] NtOpenThread: {无法访问} 过程已请求访问一对象，但未给访问权限。 (0xc0000022)
[0307/073757.174:ERROR:exception_snapshot_win.cc(98)] thread ID 5476 not found in process
[0307/073757.335:ERROR:process_reader_win.cc(123)] NtOpenThread: {无法访问} 过程已请求访问一对象，但未给访问权限。 (0xc0000022)
[0307/073757.335:ERROR:exception_snapshot_win.cc(98)] thread ID 9160 not found in process
[0307/073757.603:ERROR:process_reader_win.cc(123)] NtOpenThread: {无法访问} 过程已请求访问一对象，但未给访问权限。 (0xc0000022)
[0307/073757.603:ERROR:exception_snapshot_win.cc(98)] thread ID 5244 not found in process
[0307/073757.943:ERROR:process_reader_win.cc(123)] NtOpenThread: {无法访问} 过程已请求访问一对象，但未给访问权限。 (0xc0000022)
[0307/073757.943:ERROR:exception_snapshot_win.cc(98)] thread ID 3444 not found in process
[0307/102839.882:ERROR:process_reader_win.cc(123)] NtOpenThread: {无法访问} 过程已请求访问一对象，但未给访问权限。 (0xc0000022)
[0307/102839.887:ERROR:exception_snapshot_win.cc(98)] thread ID 9936 not found in process
[0307/102839.972:ERROR:process_reader_win.cc(123)] NtOpenThread: {无法访问} 过程已请求访问一对象，但未给访问权限。 (0xc0000022)
[0307/102839.972:ERROR:exception_snapshot_win.cc(98)] thread ID 1060 not found in process
[0307/102840.076:ERROR:process_reader_win.cc(123)] NtOpenThread: {无法访问} 过程已请求访问一对象，但未给访问权限。 (0xc0000022)
[0307/102840.076:ERROR:exception_snapshot_win.cc(98)] thread ID 9092 not found in process
[0307/102840.189:ERROR:process_reader_win.cc(123)] NtOpenThread: {无法访问} 过程已请求访问一对象，但未给访问权限。 (0xc0000022)
[0307/102840.189:ERROR:exception_snapshot_win.cc(98)] thread ID 6116 not found in process
[0307/102840.287:ERROR:process_reader_win.cc(123)] NtOpenThread: {无法访问} 过程已请求访问一对象，但未给访问权限。 (0xc0000022)
[0307/102840.287:ERROR:exception_snapshot_win.cc(98)] thread ID 1612 not found in process
[0307/102840.429:ERROR:process_reader_win.cc(123)] NtOpenThread: {无法访问} 过程已请求访问一对象，但未给访问权限。 (0xc0000022)
[0307/102840.429:ERROR:exception_snapshot_win.cc(98)] thread ID 5464 not found in process
[0307/102840.623:ERROR:process_reader_win.cc(123)] NtOpenThread: {无法访问} 过程已请求访问一对象，但未给访问权限。 (0xc0000022)
[0307/102840.623:ERROR:exception_snapshot_win.cc(98)] thread ID 3668 not found in process
[0308/083049.862:ERROR:process_reader_win.cc(123)] NtOpenThread: {无法访问} 过程已请求访问一对象，但未给访问权限。 (0xc0000022)
[0308/083049.862:ERROR:process_reader_win.cc(123)] NtOpenThread: {无法访问} 过程已请求访问一对象，但未给访问权限。 (0xc0000022)
[0308/083049.888:ERROR:exception_snapshot_win.cc(98)] thread ID 12244 not found in process
[0308/083049.888:ERROR:exception_snapshot_win.cc(98)] thread ID 11552 not found in process
[0308/083049.922:ERROR:process_reader_win.cc(123)] NtOpenThread: {无法访问} 过程已请求访问一对象，但未给访问权限。 (0xc0000022)
[0308/083049.923:ERROR:exception_snapshot_win.cc(98)] thread ID 12268 not found in process
[0308/083049.962:ERROR:process_reader_win.cc(123)] NtOpenThread: {无法访问} 过程已请求访问一对象，但未给访问权限。 (0xc0000022)
[0308/083049.962:ERROR:exception_snapshot_win.cc(98)] thread ID 12264 not found in process
[0308/145316.068:ERROR:process_reader_win.cc(123)] NtOpenThread: {无法访问} 过程已请求访问一对象，但未给访问权限。 (0xc0000022)
[0308/145316.078:ERROR:exception_snapshot_win.cc(98)] thread ID 9496 not found in process
[0308/145316.085:ERROR:process_reader_win.cc(151)] SuspendThread: 拒绝访问。 (0x5)
[0308/145316.087:ERROR:process_reader_win.cc(123)] NtOpenThread: {无法访问} 过程已请求访问一对象，但未给访问权限。 (0xc0000022)
[0308/145316.087:ERROR:exception_snapshot_win.cc(98)] thread ID 11892 not found in process
[0308/145316.070:ERROR:process_reader_win.cc(123)] NtOpenThread: {无法访问} 过程已请求访问一对象，但未给访问权限。 (0xc0000022)
[0308/145316.110:ERROR:exception_snapshot_win.cc(98)] thread ID 9708 not found in process
[0308/145316.131:ERROR:process_reader_win.cc(123)] NtOpenThread: {无法访问} 过程已请求访问一对象，但未给访问权限。 (0xc0000022)
[0308/145316.131:ERROR:exception_snapshot_win.cc(98)] thread ID 11296 not found in process
[0308/145316.206:ERROR:process_reader_win.cc(123)] NtOpenThread: {无法访问} 过程已请求访问一对象，但未给访问权限。 (0xc0000022)
[0308/145316.206:ERROR:exception_snapshot_win.cc(98)] thread ID 10312 not found in process
[0308/145316.215:ERROR:process_reader_win.cc(123)] NtOpenThread: {无法访问} 过程已请求访问一对象，但未给访问权限。 (0xc0000022)
[0308/145316.215:ERROR:exception_snapshot_win.cc(98)] thread ID 6240 not found in process
[0308/160019.391:ERROR:process_reader_win.cc(123)] NtOpenThread: {无法访问} 过程已请求访问一对象，但未给访问权限。 (0xc0000022)
[0308/160019.397:ERROR:exception_snapshot_win.cc(98)] thread ID 8612 not found in process
[0308/160019.432:ERROR:process_reader_win.cc(123)] NtOpenThread: {无法访问} 过程已请求访问一对象，但未给访问权限。 (0xc0000022)
[0308/160019.433:ERROR:exception_snapshot_win.cc(98)] thread ID 10172 not found in process
[0308/160019.460:ERROR:process_reader_win.cc(123)] NtOpenThread: {无法访问} 过程已请求访问一对象，但未给访问权限。 (0xc0000022)
[0308/160019.460:ERROR:exception_snapshot_win.cc(98)] thread ID 11864 not found in process
[0308/160019.523:ERROR:process_reader_win.cc(123)] NtOpenThread: {无法访问} 过程已请求访问一对象，但未给访问权限。 (0xc0000022)
[0308/160019.523:ERROR:exception_snapshot_win.cc(98)] thread ID 3268 not found in process
[0308/160019.549:ERROR:process_reader_win.cc(123)] NtOpenThread: {无法访问} 过程已请求访问一对象，但未给访问权限。 (0xc0000022)
[0308/160019.549:ERROR:exception_snapshot_win.cc(98)] thread ID 7988 not found in process
[0308/160019.549:ERROR:process_reader_win.cc(123)] NtOpenThread: {无法访问} 过程已请求访问一对象，但未给访问权限。 (0xc0000022)
[0308/160019.549:ERROR:exception_snapshot_win.cc(98)] thread ID 2592 not found in process
[0308/161153.975:ERROR:process_reader_win.cc(123)] NtOpenThread: {无法访问} 过程已请求访问一对象，但未给访问权限。 (0xc0000022)
[0308/161153.982:ERROR:exception_snapshot_win.cc(98)] thread ID 12568 not found in process
[0308/161153.977:ERROR:process_reader_win.cc(123)] NtOpenThread: {无法访问} 过程已请求访问一对象，但未给访问权限。 (0xc0000022)
[0308/161153.984:ERROR:exception_snapshot_win.cc(98)] thread ID 12208 not found in process
[0308/161154.092:ERROR:process_reader_win.cc(123)] NtOpenThread: {无法访问} 过程已请求访问一对象，但未给访问权限。 (0xc0000022)
[0308/161154.092:ERROR:exception_snapshot_win.cc(98)] thread ID 12460 not found in process
[0308/161154.096:ERROR:process_reader_win.cc(123)] NtOpenThread: {无法访问} 过程已请求访问一对象，但未给访问权限。 (0xc0000022)
[0308/161154.096:ERROR:exception_snapshot_win.cc(98)] thread ID 1708 not found in process
[0308/161154.136:ERROR:process_reader_win.cc(123)] NtOpenThread: {无法访问} 过程已请求访问一对象，但未给访问权限。 (0xc0000022)
[0308/161154.136:ERROR:exception_snapshot_win.cc(98)] thread ID 11796 not found in process
[0308/211742.767:ERROR:process_reader_win.cc(123)] NtOpenThread: {无法访问} 过程已请求访问一对象，但未给访问权限。 (0xc0000022)
[0308/211742.774:ERROR:exception_snapshot_win.cc(98)] thread ID 2612 not found in process
[0308/211742.862:ERROR:process_reader_win.cc(123)] NtOpenThread: {无法访问} 过程已请求访问一对象，但未给访问权限。 (0xc0000022)
[0308/211742.862:ERROR:exception_snapshot_win.cc(98)] thread ID 12348 not found in process
[0308/211742.949:ERROR:process_reader_win.cc(123)] NtOpenThread: {无法访问} 过程已请求访问一对象，但未给访问权限。 (0xc0000022)
[0308/211742.949:ERROR:exception_snapshot_win.cc(98)] thread ID 6620 not found in process
[0308/211743.045:ERROR:process_reader_win.cc(123)] NtOpenThread: {无法访问} 过程已请求访问一对象，但未给访问权限。 (0xc0000022)
[0308/211743.045:ERROR:exception_snapshot_win.cc(98)] thread ID 6300 not found in process
[0308/211743.151:ERROR:process_reader_win.cc(123)] NtOpenThread: {无法访问} 过程已请求访问一对象，但未给访问权限。 (0xc0000022)
[0308/211743.151:ERROR:exception_snapshot_win.cc(98)] thread ID 10200 not found in process
[0308/211743.257:ERROR:process_reader_win.cc(123)] NtOpenThread: {无法访问} 过程已请求访问一对象，但未给访问权限。 (0xc0000022)
[0308/211743.257:ERROR:exception_snapshot_win.cc(98)] thread ID 8920 not found in process
[0308/211743.409:ERROR:process_reader_win.cc(123)] NtOpenThread: {无法访问} 过程已请求访问一对象，但未给访问权限。 (0xc0000022)
[0308/211743.410:ERROR:exception_snapshot_win.cc(98)] thread ID 11336 not found in process
[0308/211743.627:ERROR:process_reader_win.cc(123)] NtOpenThread: {无法访问} 过程已请求访问一对象，但未给访问权限。 (0xc0000022)
[0308/211743.627:ERROR:exception_snapshot_win.cc(98)] thread ID 11860 not found in process
[0310/115952.384:ERROR:process_reader_win.cc(123)] NtOpenThread: {无法访问} 过程已请求访问一对象，但未给访问权限。 (0xc0000022)
[0310/115952.395:ERROR:exception_snapshot_win.cc(98)] thread ID 6716 not found in process
[0310/115952.436:ERROR:process_reader_win.cc(123)] NtOpenThread: {无法访问} 过程已请求访问一对象，但未给访问权限。 (0xc0000022)
[0310/115952.436:ERROR:exception_snapshot_win.cc(98)] thread ID 2252 not found in process
[0310/115952.494:ERROR:process_reader_win.cc(123)] NtOpenThread: {无法访问} 过程已请求访问一对象，但未给访问权限。 (0xc0000022)
[0310/115952.494:ERROR:exception_snapshot_win.cc(98)] thread ID 9832 not found in process
[0310/115952.555:ERROR:process_reader_win.cc(123)] NtOpenThread: {无法访问} 过程已请求访问一对象，但未给访问权限。 (0xc0000022)
[0310/115952.555:ERROR:exception_snapshot_win.cc(98)] thread ID 9800 not found in process
[0310/211538.036:ERROR:process_reader_win.cc(123)] NtOpenThread: {无法访问} 过程已请求访问一对象，但未给访问权限。 (0xc0000022)
[0310/211538.062:ERROR:exception_snapshot_win.cc(98)] thread ID 10364 not found in process
[0310/211538.062:ERROR:process_reader_win.cc(123)] NtOpenThread: {无法访问} 过程已请求访问一对象，但未给访问权限。 (0xc0000022)
[0310/211538.063:ERROR:exception_snapshot_win.cc(98)] thread ID 1364 not found in process
[0310/211538.112:ERROR:process_reader_win.cc(123)] NtOpenThread: {无法访问} 过程已请求访问一对象，但未给访问权限。 (0xc0000022)
[0310/211538.112:ERROR:exception_snapshot_win.cc(98)] thread ID 9384 not found in process
[0310/211538.147:ERROR:process_reader_win.cc(123)] NtOpenThread: {无法访问} 过程已请求访问一对象，但未给访问权限。 (0xc0000022)
[0310/211538.147:ERROR:exception_snapshot_win.cc(98)] thread ID 9416 not found in process
[0310/211538.196:ERROR:process_reader_win.cc(123)] NtOpenThread: {无法访问} 过程已请求访问一对象，但未给访问权限。 (0xc0000022)
[0310/211538.196:ERROR:exception_snapshot_win.cc(98)] thread ID 12096 not found in process
[0310/211538.227:ERROR:process_reader_win.cc(123)] NtOpenThread: {无法访问} 过程已请求访问一对象，但未给访问权限。 (0xc0000022)
[0310/211538.227:ERROR:exception_snapshot_win.cc(98)] thread ID 11212 not found in process
[0310/211538.278:ERROR:process_reader_win.cc(123)] NtOpenThread: {无法访问} 过程已请求访问一对象，但未给访问权限。 (0xc0000022)
[0310/211538.278:ERROR:exception_snapshot_win.cc(98)] thread ID 12028 not found in process
[0310/224113.577:ERROR:process_reader_win.cc(123)] NtOpenThread: {无法访问} 过程已请求访问一对象，但未给访问权限。 (0xc0000022)
[0310/224113.583:ERROR:exception_snapshot_win.cc(98)] thread ID 9616 not found in process
[0310/224113.600:ERROR:process_reader_win.cc(123)] NtOpenThread: {无法访问} 过程已请求访问一对象，但未给访问权限。 (0xc0000022)
[0310/224113.606:ERROR:exception_snapshot_win.cc(98)] thread ID 9364 not found in process
[0310/224113.664:ERROR:process_reader_win.cc(123)] NtOpenThread: {无法访问} 过程已请求访问一对象，但未给访问权限。 (0xc0000022)
[0310/224113.665:ERROR:exception_snapshot_win.cc(98)] thread ID 4816 not found in process
[0310/224113.753:ERROR:process_reader_win.cc(123)] NtOpenThread: {无法访问} 过程已请求访问一对象，但未给访问权限。 (0xc0000022)
[0310/224113.753:ERROR:exception_snapshot_win.cc(98)] thread ID 8592 not found in process
[0310/224113.764:ERROR:process_reader_win.cc(123)] NtOpenThread: {无法访问} 过程已请求访问一对象，但未给访问权限。 (0xc0000022)
[0310/224113.764:ERROR:exception_snapshot_win.cc(98)] thread ID 10312 not found in process
[0310/224113.804:ERROR:process_reader_win.cc(123)] NtOpenThread: {无法访问} 过程已请求访问一对象，但未给访问权限。 (0xc0000022)
[0310/224113.805:ERROR:exception_snapshot_win.cc(98)] thread ID 5848 not found in process
[0310/224113.834:ERROR:process_reader_win.cc(123)] NtOpenThread: {无法访问} 过程已请求访问一对象，但未给访问权限。 (0xc0000022)
[0310/224113.835:ERROR:exception_snapshot_win.cc(98)] thread ID 12152 not found in process
[0310/224113.848:ERROR:process_reader_win.cc(123)] NtOpenThread: {无法访问} 过程已请求访问一对象，但未给访问权限。 (0xc0000022)
[0310/224113.848:ERROR:exception_snapshot_win.cc(98)] thread ID 9264 not found in process
[0310/224113.865:ERROR:process_reader_win.cc(151)] SuspendThread: 拒绝访问。 (0x5)
[0310/224113.867:ERROR:process_reader_win.cc(151)] SuspendThread: 拒绝访问。 (0x5)
[0310/224113.870:ERROR:process_reader_win.cc(151)] SuspendThread: 拒绝访问。 (0x5)
[0310/224113.870:ERROR:process_reader_win.cc(123)] NtOpenThread: {无法访问} 过程已请求访问一对象，但未给访问权限。 (0xc0000022)
[0310/224113.870:ERROR:exception_snapshot_win.cc(98)] thread ID 1020 not found in process
[0310/224113.882:ERROR:process_reader_win.cc(123)] NtOpenThread: {无法访问} 过程已请求访问一对象，但未给访问权限。 (0xc0000022)
[0310/224113.882:ERROR:exception_snapshot_win.cc(98)] thread ID 11392 not found in process
[0310/224113.952:ERROR:process_reader_win.cc(123)] NtOpenThread: {无法访问} 过程已请求访问一对象，但未给访问权限。 (0xc0000022)
[0310/224113.952:ERROR:exception_snapshot_win.cc(98)] thread ID 5500 not found in process
[0310/224401.730:ERROR:process_reader_win.cc(123)] NtOpenThread: {无法访问} 过程已请求访问一对象，但未给访问权限。 (0xc0000022)
[0310/224401.736:ERROR:exception_snapshot_win.cc(98)] thread ID 7076 not found in process
[0310/224401.794:ERROR:process_reader_win.cc(123)] NtOpenThread: {无法访问} 过程已请求访问一对象，但未给访问权限。 (0xc0000022)
[0310/224401.795:ERROR:exception_snapshot_win.cc(98)] thread ID 10900 not found in process
[0310/224401.828:ERROR:process_reader_win.cc(123)] NtOpenThread: {无法访问} 过程已请求访问一对象，但未给访问权限。 (0xc0000022)
[0310/224401.829:ERROR:exception_snapshot_win.cc(98)] thread ID 1152 not found in process
[0310/224401.860:ERROR:process_reader_win.cc(123)] NtOpenThread: {无法访问} 过程已请求访问一对象，但未给访问权限。 (0xc0000022)
[0310/224401.860:ERROR:exception_snapshot_win.cc(98)] thread ID 11912 not found in process
[0310/224401.932:ERROR:process_reader_win.cc(123)] NtOpenThread: {无法访问} 过程已请求访问一对象，但未给访问权限。 (0xc0000022)
[0310/224401.932:ERROR:exception_snapshot_win.cc(98)] thread ID 9544 not found in process
[0310/224401.978:ERROR:process_reader_win.cc(123)] NtOpenThread: {无法访问} 过程已请求访问一对象，但未给访问权限。 (0xc0000022)
[0310/224401.978:ERROR:exception_snapshot_win.cc(98)] thread ID 11696 not found in process
[0310/224520.465:ERROR:process_reader_win.cc(123)] NtOpenThread: {无法访问} 过程已请求访问一对象，但未给访问权限。 (0xc0000022)
[0310/224520.483:ERROR:exception_snapshot_win.cc(98)] thread ID 11872 not found in process
[0310/224520.542:ERROR:process_reader_win.cc(123)] NtOpenThread: {无法访问} 过程已请求访问一对象，但未给访问权限。 (0xc0000022)
[0310/224520.577:ERROR:exception_snapshot_win.cc(98)] thread ID 7580 not found in process
[0310/224520.547:ERROR:process_reader_win.cc(123)] NtOpenThread: {无法访问} 过程已请求访问一对象，但未给访问权限。 (0xc0000022)
[0310/224520.575:ERROR:process_reader_win.cc(123)] NtOpenThread: {无法访问} 过程已请求访问一对象，但未给访问权限。 (0xc0000022)
[0310/224520.579:ERROR:exception_snapshot_win.cc(98)] thread ID 10488 not found in process
[0310/224520.579:ERROR:exception_snapshot_win.cc(98)] thread ID 1828 not found in process
[0310/224520.618:ERROR:process_reader_win.cc(123)] NtOpenThread: {无法访问} 过程已请求访问一对象，但未给访问权限。 (0xc0000022)
[0310/224520.623:ERROR:exception_snapshot_win.cc(98)] thread ID 10868 not found in process
[0310/224520.680:ERROR:process_reader_win.cc(123)] NtOpenThread: {无法访问} 过程已请求访问一对象，但未给访问权限。 (0xc0000022)
[0310/224520.681:ERROR:exception_snapshot_win.cc(98)] thread ID 1512 not found in process
[0310/224520.733:ERROR:process_reader_win.cc(123)] NtOpenThread: {无法访问} 过程已请求访问一对象，但未给访问权限。 (0xc0000022)
[0310/224520.733:ERROR:exception_snapshot_win.cc(98)] thread ID 10764 not found in process
[0310/224520.776:ERROR:process_reader_win.cc(123)] NtOpenThread: {无法访问} 过程已请求访问一对象，但未给访问权限。 (0xc0000022)
[0310/224520.776:ERROR:exception_snapshot_win.cc(98)] thread ID 10176 not found in process
[0311/064655.736:ERROR:process_reader_win.cc(123)] NtOpenThread: {无法访问} 过程已请求访问一对象，但未给访问权限。 (0xc0000022)
[0311/064655.747:ERROR:exception_snapshot_win.cc(98)] thread ID 8432 not found in process
[0311/064655.877:ERROR:process_reader_win.cc(123)] NtOpenThread: {无法访问} 过程已请求访问一对象，但未给访问权限。 (0xc0000022)
[0311/064655.877:ERROR:exception_snapshot_win.cc(98)] thread ID 9356 not found in process
[0311/064656.031:ERROR:process_reader_win.cc(123)] NtOpenThread: {无法访问} 过程已请求访问一对象，但未给访问权限。 (0xc0000022)
[0311/064656.032:ERROR:exception_snapshot_win.cc(98)] thread ID 8732 not found in process
[0311/064656.250:ERROR:process_reader_win.cc(123)] NtOpenThread: {无法访问} 过程已请求访问一对象，但未给访问权限。 (0xc0000022)
[0311/064656.250:ERROR:exception_snapshot_win.cc(98)] thread ID 6308 not found in process
[0311/064656.470:ERROR:process_reader_win.cc(123)] NtOpenThread: {无法访问} 过程已请求访问一对象，但未给访问权限。 (0xc0000022)
[0311/064656.470:ERROR:exception_snapshot_win.cc(98)] thread ID 10104 not found in process
[0311/064656.727:ERROR:process_reader_win.cc(123)] NtOpenThread: {无法访问} 过程已请求访问一对象，但未给访问权限。 (0xc0000022)
[0311/064656.727:ERROR:exception_snapshot_win.cc(98)] thread ID 3856 not found in process
[0311/085310.422:ERROR:process_reader_win.cc(123)] NtOpenThread: {无法访问} 过程已请求访问一对象，但未给访问权限。 (0xc0000022)
[0311/085310.431:ERROR:exception_snapshot_win.cc(98)] thread ID 11704 not found in process
[0311/085310.650:ERROR:process_reader_win.cc(151)] SuspendThread: 拒绝访问。 (0x5)
[0311/085310.661:ERROR:process_reader_win.cc(151)] SuspendThread: 拒绝访问。 (0x5)
[0311/085310.661:ERROR:process_reader_win.cc(123)] NtOpenThread: {无法访问} 过程已请求访问一对象，但未给访问权限。 (0xc0000022)
[0311/085310.662:ERROR:exception_snapshot_win.cc(98)] thread ID 2508 not found in process
[0311/085310.970:ERROR:process_reader_win.cc(123)] NtOpenThread: {无法访问} 过程已请求访问一对象，但未给访问权限。 (0xc0000022)
[0311/085310.970:ERROR:exception_snapshot_win.cc(98)] thread ID 9768 not found in process
[0311/085311.255:ERROR:process_reader_win.cc(123)] NtOpenThread: {无法访问} 过程已请求访问一对象，但未给访问权限。 (0xc0000022)
[0311/085311.256:ERROR:exception_snapshot_win.cc(98)] thread ID 8336 not found in process
[0311/085311.394:ERROR:process_reader_win.cc(123)] NtOpenThread: {无法访问} 过程已请求访问一对象，但未给访问权限。 (0xc0000022)
[0311/085311.395:ERROR:exception_snapshot_win.cc(98)] thread ID 12252 not found in process
[0311/085311.619:ERROR:process_reader_win.cc(123)] NtOpenThread: {无法访问} 过程已请求访问一对象，但未给访问权限。 (0xc0000022)
[0311/085311.622:ERROR:exception_snapshot_win.cc(98)] thread ID 12036 not found in process
[0311/085311.925:ERROR:process_reader_win.cc(123)] NtOpenThread: {无法访问} 过程已请求访问一对象，但未给访问权限。 (0xc0000022)
[0311/085311.926:ERROR:exception_snapshot_win.cc(98)] thread ID 5748 not found in process
[0311/134304.655:ERROR:process_reader_win.cc(123)] NtOpenThread: {无法访问} 过程已请求访问一对象，但未给访问权限。 (0xc0000022)
[0311/134304.661:ERROR:exception_snapshot_win.cc(98)] thread ID 844 not found in process
[0311/134304.669:ERROR:process_reader_win.cc(123)] NtOpenThread: {无法访问} 过程已请求访问一对象，但未给访问权限。 (0xc0000022)
[0311/134304.669:ERROR:exception_snapshot_win.cc(98)] thread ID 9372 not found in process
[0311/134304.681:ERROR:process_reader_win.cc(123)] NtOpenThread: {无法访问} 过程已请求访问一对象，但未给访问权限。 (0xc0000022)
[0311/134304.681:ERROR:exception_snapshot_win.cc(98)] thread ID 10564 not found in process
[0311/153602.416:ERROR:process_reader_win.cc(123)] NtOpenThread: {无法访问} 过程已请求访问一对象，但未给访问权限。 (0xc0000022)
[0311/153602.430:ERROR:exception_snapshot_win.cc(98)] thread ID 10008 not found in process
[0311/153602.411:ERROR:process_reader_win.cc(151)] SuspendThread: 拒绝访问。 (0x5)
[0311/153602.446:ERROR:process_reader_win.cc(151)] SuspendThread: 拒绝访问。 (0x5)
[0311/153602.446:ERROR:process_reader_win.cc(151)] SuspendThread: 拒绝访问。 (0x5)
[0311/153602.446:ERROR:process_reader_win.cc(123)] NtOpenThread: {无法访问} 过程已请求访问一对象，但未给访问权限。 (0xc0000022)
[0311/153602.446:ERROR:exception_snapshot_win.cc(98)] thread ID 8500 not found in process
[0311/153602.478:ERROR:process_reader_win.cc(123)] NtOpenThread: {无法访问} 过程已请求访问一对象，但未给访问权限。 (0xc0000022)
[0311/153602.478:ERROR:exception_snapshot_win.cc(98)] thread ID 10676 not found in process
[0311/153602.574:ERROR:process_reader_win.cc(123)] NtOpenThread: {无法访问} 过程已请求访问一对象，但未给访问权限。 (0xc0000022)
[0311/153602.574:ERROR:exception_snapshot_win.cc(98)] thread ID 8640 not found in process
[0311/153602.621:ERROR:process_reader_win.cc(123)] NtOpenThread: {无法访问} 过程已请求访问一对象，但未给访问权限。 (0xc0000022)
[0311/153602.621:ERROR:exception_snapshot_win.cc(98)] thread ID 11044 not found in process
[0311/153657.826:ERROR:process_reader_win.cc(123)] NtOpenThread: {无法访问} 过程已请求访问一对象，但未给访问权限。 (0xc0000022)
[0311/153657.832:ERROR:exception_snapshot_win.cc(98)] thread ID 12696 not found in process
[0311/153657.865:ERROR:process_reader_win.cc(123)] NtOpenThread: {无法访问} 过程已请求访问一对象，但未给访问权限。 (0xc0000022)
[0311/153657.865:ERROR:exception_snapshot_win.cc(98)] thread ID 12708 not found in process
[0311/153657.874:ERROR:process_reader_win.cc(123)] NtOpenThread: {无法访问} 过程已请求访问一对象，但未给访问权限。 (0xc0000022)
[0311/153657.874:ERROR:exception_snapshot_win.cc(98)] thread ID 12704 not found in process
[0311/153657.907:ERROR:process_reader_win.cc(123)] NtOpenThread: {无法访问} 过程已请求访问一对象，但未给访问权限。 (0xc0000022)
[0311/153657.907:ERROR:exception_snapshot_win.cc(98)] thread ID 12716 not found in process
[0311/153657.911:ERROR:process_reader_win.cc(123)] NtOpenThread: {无法访问} 过程已请求访问一对象，但未给访问权限。 (0xc0000022)
[0311/153657.912:ERROR:exception_snapshot_win.cc(98)] thread ID 12724 not found in process
[0311/153658.064:ERROR:process_reader_win.cc(123)] NtOpenThread: {无法访问} 过程已请求访问一对象，但未给访问权限。 (0xc0000022)
[0311/153658.064:ERROR:exception_snapshot_win.cc(98)] thread ID 12728 not found in process
[0311/170559.079:ERROR:process_reader_win.cc(123)] NtOpenThread: {无法访问} 过程已请求访问一对象，但未给访问权限。 (0xc0000022)
[0311/170559.089:ERROR:exception_snapshot_win.cc(98)] thread ID 8996 not found in process
[0311/170559.153:ERROR:process_reader_win.cc(123)] NtOpenThread: {无法访问} 过程已请求访问一对象，但未给访问权限。 (0xc0000022)
[0311/170559.154:ERROR:exception_snapshot_win.cc(98)] thread ID 10212 not found in process
[0311/170559.172:ERROR:process_reader_win.cc(123)] NtOpenThread: {无法访问} 过程已请求访问一对象，但未给访问权限。 (0xc0000022)
[0311/170559.172:ERROR:exception_snapshot_win.cc(98)] thread ID 12396 not found in process
[0311/231341.971:ERROR:process_reader_win.cc(123)] NtOpenThread: {无法访问} 过程已请求访问一对象，但未给访问权限。 (0xc0000022)
[0311/231341.993:ERROR:exception_snapshot_win.cc(98)] thread ID 18140 not found in process
[0311/231342.107:ERROR:process_reader_win.cc(123)] NtOpenThread: {无法访问} 过程已请求访问一对象，但未给访问权限。 (0xc0000022)
[0311/231342.107:ERROR:exception_snapshot_win.cc(98)] thread ID 19620 not found in process
[0311/231342.149:ERROR:process_reader_win.cc(123)] NtOpenThread: {无法访问} 过程已请求访问一对象，但未给访问权限。 (0xc0000022)
[0311/231342.149:ERROR:exception_snapshot_win.cc(98)] thread ID 13108 not found in process
[0311/231536.465:ERROR:process_reader_win.cc(123)] NtOpenThread: {无法访问} 过程已请求访问一对象，但未给访问权限。 (0xc0000022)
[0311/231536.465:ERROR:process_reader_win.cc(123)] NtOpenThread: {无法访问} 过程已请求访问一对象，但未给访问权限。 (0xc0000022)
[0311/231536.473:ERROR:exception_snapshot_win.cc(98)] thread ID 13140 not found in process
[0311/231536.473:ERROR:exception_snapshot_win.cc(98)] thread ID 7364 not found in process
[0311/231536.502:ERROR:process_reader_win.cc(151)] SuspendThread: 拒绝访问。 (0x5)
[0311/231536.504:ERROR:process_reader_win.cc(151)] SuspendThread: 拒绝访问。 (0x5)
[0311/231536.504:ERROR:process_reader_win.cc(123)] NtOpenThread: {无法访问} 过程已请求访问一对象，但未给访问权限。 (0xc0000022)
[0311/231536.505:ERROR:exception_snapshot_win.cc(98)] thread ID 9356 not found in process
[0311/231536.564:ERROR:process_reader_win.cc(123)] NtOpenThread: {无法访问} 过程已请求访问一对象，但未给访问权限。 (0xc0000022)
[0311/231536.565:ERROR:exception_snapshot_win.cc(98)] thread ID 13080 not found in process
[0311/231536.599:ERROR:process_reader_win.cc(123)] NtOpenThread: {无法访问} 过程已请求访问一对象，但未给访问权限。 (0xc0000022)
[0311/231536.599:ERROR:exception_snapshot_win.cc(98)] thread ID 12948 not found in process
[0311/231536.620:ERROR:process_reader_win.cc(123)] NtOpenThread: {无法访问} 过程已请求访问一对象，但未给访问权限。 (0xc0000022)
[0311/231536.620:ERROR:exception_snapshot_win.cc(98)] thread ID 16500 not found in process
[0311/231536.721:ERROR:process_reader_win.cc(123)] NtOpenThread: {无法访问} 过程已请求访问一对象，但未给访问权限。 (0xc0000022)
[0311/231536.721:ERROR:exception_snapshot_win.cc(98)] thread ID 12960 not found in process
[0312/171551.966:ERROR:process_reader_win.cc(123)] NtOpenThread: {无法访问} 过程已请求访问一对象，但未给访问权限。 (0xc0000022)
[0312/171552.027:ERROR:exception_snapshot_win.cc(98)] thread ID 9776 not found in process
[0312/171552.035:ERROR:process_reader_win.cc(123)] NtOpenThread: {无法访问} 过程已请求访问一对象，但未给访问权限。 (0xc0000022)
[0312/171552.036:ERROR:exception_snapshot_win.cc(98)] thread ID 10108 not found in process
[0312/171552.045:ERROR:process_reader_win.cc(123)] NtOpenThread: {无法访问} 过程已请求访问一对象，但未给访问权限。 (0xc0000022)
[0312/171552.046:ERROR:exception_snapshot_win.cc(98)] thread ID 9820 not found in process
[0312/171552.102:ERROR:process_reader_win.cc(123)] NtOpenThread: {无法访问} 过程已请求访问一对象，但未给访问权限。 (0xc0000022)
[0312/171552.102:ERROR:exception_snapshot_win.cc(98)] thread ID 9784 not found in process
[0312/171552.153:ERROR:process_reader_win.cc(123)] NtOpenThread: {无法访问} 过程已请求访问一对象，但未给访问权限。 (0xc0000022)
[0312/171552.154:ERROR:exception_snapshot_win.cc(98)] thread ID 9160 not found in process
[0312/171552.155:ERROR:process_reader_win.cc(123)] NtOpenThread: {无法访问} 过程已请求访问一对象，但未给访问权限。 (0xc0000022)
[0312/171552.156:ERROR:exception_snapshot_win.cc(98)] thread ID 9368 not found in process
[0314/101337.924:ERROR:process_reader_win.cc(123)] NtOpenThread: {无法访问} 过程已请求访问一对象，但未给访问权限。 (0xc0000022)
[0314/101337.931:ERROR:exception_snapshot_win.cc(98)] thread ID 15220 not found in process
[0314/101337.917:ERROR:process_reader_win.cc(123)] NtOpenThread: {无法访问} 过程已请求访问一对象，但未给访问权限。 (0xc0000022)
[0314/101337.932:ERROR:exception_snapshot_win.cc(98)] thread ID 17416 not found in process
[0314/101338.038:ERROR:process_reader_win.cc(123)] NtOpenThread: {无法访问} 过程已请求访问一对象，但未给访问权限。 (0xc0000022)
[0314/101338.038:ERROR:exception_snapshot_win.cc(98)] thread ID 10844 not found in process
[0314/101338.089:ERROR:process_reader_win.cc(123)] NtOpenThread: {无法访问} 过程已请求访问一对象，但未给访问权限。 (0xc0000022)
[0314/101338.089:ERROR:exception_snapshot_win.cc(98)] thread ID 17512 not found in process
[0314/101338.069:ERROR:process_reader_win.cc(151)] SuspendThread: 拒绝访问。 (0x5)
[0314/101338.102:ERROR:process_reader_win.cc(151)] SuspendThread: 拒绝访问。 (0x5)
[0314/101338.102:ERROR:process_reader_win.cc(123)] NtOpenThread: {无法访问} 过程已请求访问一对象，但未给访问权限。 (0xc0000022)
[0314/101338.102:ERROR:exception_snapshot_win.cc(98)] thread ID 17480 not found in process
[0314/101338.200:ERROR:process_reader_win.cc(123)] NtOpenThread: {无法访问} 过程已请求访问一对象，但未给访问权限。 (0xc0000022)
[0314/101338.200:ERROR:exception_snapshot_win.cc(98)] thread ID 12816 not found in process
[0316/075618.372:ERROR:process_reader_win.cc(123)] NtOpenThread: {无法访问} 过程已请求访问一对象，但未给访问权限。 (0xc0000022)
[0316/075618.382:ERROR:exception_snapshot_win.cc(98)] thread ID 14572 not found in process
[0316/075618.519:ERROR:process_reader_win.cc(123)] NtOpenThread: {无法访问} 过程已请求访问一对象，但未给访问权限。 (0xc0000022)
[0316/075618.519:ERROR:exception_snapshot_win.cc(98)] thread ID 4816 not found in process
[0316/075618.732:ERROR:process_reader_win.cc(123)] NtOpenThread: {无法访问} 过程已请求访问一对象，但未给访问权限。 (0xc0000022)
[0316/075618.732:ERROR:exception_snapshot_win.cc(98)] thread ID 4764 not found in process
[0316/075618.933:ERROR:process_reader_win.cc(123)] NtOpenThread: {无法访问} 过程已请求访问一对象，但未给访问权限。 (0xc0000022)
[0316/075618.933:ERROR:exception_snapshot_win.cc(98)] thread ID 21000 not found in process
[0316/075619.155:ERROR:process_reader_win.cc(123)] NtOpenThread: {无法访问} 过程已请求访问一对象，但未给访问权限。 (0xc0000022)
[0316/075619.155:ERROR:exception_snapshot_win.cc(98)] thread ID 21076 not found in process
[0316/075619.307:ERROR:process_reader_win.cc(123)] NtOpenThread: {无法访问} 过程已请求访问一对象，但未给访问权限。 (0xc0000022)
[0316/075619.307:ERROR:exception_snapshot_win.cc(98)] thread ID 15856 not found in process
[0316/075619.455:ERROR:process_reader_win.cc(123)] NtOpenThread: {无法访问} 过程已请求访问一对象，但未给访问权限。 (0xc0000022)
[0316/075619.455:ERROR:exception_snapshot_win.cc(98)] thread ID 14720 not found in process
[0316/075619.641:ERROR:process_reader_win.cc(123)] NtOpenThread: {无法访问} 过程已请求访问一对象，但未给访问权限。 (0xc0000022)
[0316/075619.641:ERROR:exception_snapshot_win.cc(98)] thread ID 9396 not found in process
[0316/075619.981:ERROR:process_reader_win.cc(123)] NtOpenThread: {无法访问} 过程已请求访问一对象，但未给访问权限。 (0xc0000022)
[0316/075619.981:ERROR:exception_snapshot_win.cc(98)] thread ID 20736 not found in process
[0316/075621.065:ERROR:process_reader_win.cc(123)] NtOpenThread: {无法访问} 过程已请求访问一对象，但未给访问权限。 (0xc0000022)
[0316/075621.065:ERROR:exception_snapshot_win.cc(98)] thread ID 9540 not found in process
[0316/162212.373:ERROR:process_reader_win.cc(123)] NtOpenThread: {无法访问} 过程已请求访问一对象，但未给访问权限。 (0xc0000022)
[0316/162212.377:ERROR:exception_snapshot_win.cc(98)] thread ID 18196 not found in process
[0316/162212.510:ERROR:process_reader_win.cc(123)] NtOpenThread: {无法访问} 过程已请求访问一对象，但未给访问权限。 (0xc0000022)
[0316/162212.511:ERROR:exception_snapshot_win.cc(98)] thread ID 16328 not found in process
[0316/162212.528:ERROR:process_reader_win.cc(123)] NtOpenThread: {无法访问} 过程已请求访问一对象，但未给访问权限。 (0xc0000022)
[0316/162212.528:ERROR:exception_snapshot_win.cc(98)] thread ID 18924 not found in process
[0316/162212.553:ERROR:process_reader_win.cc(123)] NtOpenThread: {无法访问} 过程已请求访问一对象，但未给访问权限。 (0xc0000022)
[0316/162212.553:ERROR:exception_snapshot_win.cc(98)] thread ID 19472 not found in process
[0316/162212.806:ERROR:process_reader_win.cc(123)] NtOpenThread: {无法访问} 过程已请求访问一对象，但未给访问权限。 (0xc0000022)
[0316/162212.806:ERROR:exception_snapshot_win.cc(98)] thread ID 19240 not found in process
[0316/162212.842:ERROR:process_reader_win.cc(123)] NtOpenThread: {无法访问} 过程已请求访问一对象，但未给访问权限。 (0xc0000022)
[0316/162212.842:ERROR:exception_snapshot_win.cc(98)] thread ID 11612 not found in process
[0316/162212.849:ERROR:process_reader_win.cc(123)] NtOpenThread: {无法访问} 过程已请求访问一对象，但未给访问权限。 (0xc0000022)
[0316/162212.849:ERROR:exception_snapshot_win.cc(98)] thread ID 18652 not found in process
[0316/172231.121:ERROR:process_reader_win.cc(123)] NtOpenThread: {无法访问} 过程已请求访问一对象，但未给访问权限。 (0xc0000022)
[0316/172231.125:ERROR:exception_snapshot_win.cc(98)] thread ID 8512 not found in process
[0316/172231.132:ERROR:process_reader_win.cc(151)] SuspendThread: 拒绝访问。 (0x5)
[0316/172231.133:ERROR:process_reader_win.cc(123)] NtOpenThread: {无法访问} 过程已请求访问一对象，但未给访问权限。 (0xc0000022)
[0316/172231.133:ERROR:exception_snapshot_win.cc(98)] thread ID 15420 not found in process
[0316/172231.173:ERROR:process_reader_win.cc(123)] NtOpenThread: {无法访问} 过程已请求访问一对象，但未给访问权限。 (0xc0000022)
[0316/172231.173:ERROR:exception_snapshot_win.cc(98)] thread ID 6936 not found in process
[0316/172231.226:ERROR:process_reader_win.cc(123)] NtOpenThread: {无法访问} 过程已请求访问一对象，但未给访问权限。 (0xc0000022)
[0316/172231.227:ERROR:exception_snapshot_win.cc(98)] thread ID 10000 not found in process
[0316/172231.277:ERROR:process_reader_win.cc(123)] NtOpenThread: {无法访问} 过程已请求访问一对象，但未给访问权限。 (0xc0000022)
[0316/172231.278:ERROR:exception_snapshot_win.cc(98)] thread ID 12664 not found in process
[0316/172231.323:ERROR:process_reader_win.cc(151)] SuspendThread: 拒绝访问。 (0x5)
[0316/172231.323:ERROR:process_reader_win.cc(123)] NtOpenThread: {无法访问} 过程已请求访问一对象，但未给访问权限。 (0xc0000022)
[0316/172231.323:ERROR:exception_snapshot_win.cc(98)] thread ID 14416 not found in process
[0316/172231.365:ERROR:process_reader_win.cc(123)] NtOpenThread: {无法访问} 过程已请求访问一对象，但未给访问权限。 (0xc0000022)
[0316/172231.366:ERROR:exception_snapshot_win.cc(98)] thread ID 17952 not found in process
[0316/172231.485:ERROR:process_reader_win.cc(123)] NtOpenThread: {无法访问} 过程已请求访问一对象，但未给访问权限。 (0xc0000022)
[0316/172231.485:ERROR:exception_snapshot_win.cc(98)] thread ID 6440 not found in process
[0316/172231.515:ERROR:process_reader_win.cc(151)] SuspendThread: 拒绝访问。 (0x5)
[0316/172231.516:ERROR:exception_snapshot_win.cc(98)] thread ID 12796 not found in process
[0317/084256.721:ERROR:process_reader_win.cc(123)] NtOpenThread: {无法访问} 过程已请求访问一对象，但未给访问权限。 (0xc0000022)
[0317/084256.731:ERROR:exception_snapshot_win.cc(98)] thread ID 6828 not found in process
[0317/084256.830:ERROR:process_reader_win.cc(123)] NtOpenThread: {无法访问} 过程已请求访问一对象，但未给访问权限。 (0xc0000022)
[0317/084256.830:ERROR:exception_snapshot_win.cc(98)] thread ID 1708 not found in process
[0317/084256.845:ERROR:process_reader_win.cc(123)] NtOpenThread: {无法访问} 过程已请求访问一对象，但未给访问权限。 (0xc0000022)
[0317/084256.846:ERROR:exception_snapshot_win.cc(98)] thread ID 5112 not found in process
[0317/084427.333:ERROR:process_reader_win.cc(123)] NtOpenThread: {无法访问} 过程已请求访问一对象，但未给访问权限。 (0xc0000022)
[0317/084427.338:ERROR:exception_snapshot_win.cc(98)] thread ID 11596 not found in process
[0317/084427.364:ERROR:process_reader_win.cc(123)] NtOpenThread: {无法访问} 过程已请求访问一对象，但未给访问权限。 (0xc0000022)
[0317/084427.364:ERROR:exception_snapshot_win.cc(98)] thread ID 8588 not found in process
[0317/084427.417:ERROR:process_reader_win.cc(123)] NtOpenThread: {无法访问} 过程已请求访问一对象，但未给访问权限。 (0xc0000022)
[0317/084427.417:ERROR:exception_snapshot_win.cc(98)] thread ID 11528 not found in process
[0317/084427.426:ERROR:process_reader_win.cc(123)] NtOpenThread: {无法访问} 过程已请求访问一对象，但未给访问权限。 (0xc0000022)
[0317/084427.427:ERROR:exception_snapshot_win.cc(98)] thread ID 11844 not found in process
[0317/084427.511:ERROR:process_reader_win.cc(123)] NtOpenThread: {无法访问} 过程已请求访问一对象，但未给访问权限。 (0xc0000022)
[0317/084427.511:ERROR:exception_snapshot_win.cc(98)] thread ID 11228 not found in process
[0317/084534.391:ERROR:process_reader_win.cc(123)] NtOpenThread: {无法访问} 过程已请求访问一对象，但未给访问权限。 (0xc0000022)
[0317/084534.396:ERROR:exception_snapshot_win.cc(98)] thread ID 5868 not found in process
[0317/084534.402:ERROR:process_reader_win.cc(151)] SuspendThread: 拒绝访问。 (0x5)
[0317/084534.404:ERROR:process_reader_win.cc(123)] NtOpenThread: {无法访问} 过程已请求访问一对象，但未给访问权限。 (0xc0000022)
[0317/084534.404:ERROR:exception_snapshot_win.cc(98)] thread ID 4988 not found in process
[0317/084534.453:ERROR:process_reader_win.cc(123)] NtOpenThread: {无法访问} 过程已请求访问一对象，但未给访问权限。 (0xc0000022)
[0317/084534.454:ERROR:exception_snapshot_win.cc(98)] thread ID 7956 not found in process
[0317/084534.461:ERROR:process_reader_win.cc(123)] NtOpenThread: {无法访问} 过程已请求访问一对象，但未给访问权限。 (0xc0000022)
[0317/084534.461:ERROR:exception_snapshot_win.cc(98)] thread ID 5376 not found in process
[0317/084534.569:ERROR:process_reader_win.cc(123)] NtOpenThread: {无法访问} 过程已请求访问一对象，但未给访问权限。 (0xc0000022)
[0317/084534.569:ERROR:exception_snapshot_win.cc(98)] thread ID 3192 not found in process
[0317/084534.648:ERROR:process_reader_win.cc(123)] NtOpenThread: {无法访问} 过程已请求访问一对象，但未给访问权限。 (0xc0000022)
[0317/084534.648:ERROR:exception_snapshot_win.cc(98)] thread ID 11012 not found in process
[0318/094508.447:ERROR:process_reader_win.cc(123)] NtOpenThread: {无法访问} 过程已请求访问一对象，但未给访问权限。 (0xc0000022)
[0318/094508.611:ERROR:exception_snapshot_win.cc(98)] thread ID 12500 not found in process
[0318/094508.428:ERROR:process_reader_win.cc(123)] NtOpenThread: {无法访问} 过程已请求访问一对象，但未给访问权限。 (0xc0000022)
[0318/094508.628:ERROR:exception_snapshot_win.cc(98)] thread ID 13944 not found in process
[0318/094508.714:ERROR:process_reader_win.cc(123)] NtOpenThread: {无法访问} 过程已请求访问一对象，但未给访问权限。 (0xc0000022)
[0318/094508.715:ERROR:exception_snapshot_win.cc(98)] thread ID 9056 not found in process
[0318/094508.724:ERROR:process_reader_win.cc(123)] NtOpenThread: {无法访问} 过程已请求访问一对象，但未给访问权限。 (0xc0000022)
[0318/094508.724:ERROR:exception_snapshot_win.cc(98)] thread ID 12212 not found in process
[0318/094508.513:ERROR:process_reader_win.cc(123)] NtOpenThread: {无法访问} 过程已请求访问一对象，但未给访问权限。 (0xc0000022)
[0318/094508.828:ERROR:exception_snapshot_win.cc(98)] thread ID 12036 not found in process
[0318/094508.963:ERROR:process_reader_win.cc(123)] NtOpenThread: {无法访问} 过程已请求访问一对象，但未给访问权限。 (0xc0000022)
[0318/094508.963:ERROR:exception_snapshot_win.cc(98)] thread ID 1276 not found in process
[0318/094508.984:ERROR:process_reader_win.cc(123)] NtOpenThread: {无法访问} 过程已请求访问一对象，但未给访问权限。 (0xc0000022)
[0318/094508.984:ERROR:exception_snapshot_win.cc(98)] thread ID 13764 not found in process
[0318/094509.549:ERROR:process_reader_win.cc(151)] SuspendThread: 拒绝访问。 (0x5)
[0318/094509.551:ERROR:process_reader_win.cc(123)] NtOpenThread: {无法访问} 过程已请求访问一对象，但未给访问权限。 (0xc0000022)
[0318/094509.552:ERROR:exception_snapshot_win.cc(98)] thread ID 14132 not found in process
[0318/094509.555:ERROR:process_reader_win.cc(151)] SuspendThread: 拒绝访问。 (0x5)
[0318/094509.557:ERROR:process_reader_win.cc(123)] NtOpenThread: {无法访问} 过程已请求访问一对象，但未给访问权限。 (0xc0000022)
[0318/094509.558:ERROR:exception_snapshot_win.cc(98)] thread ID 9912 not found in process
[0318/094510.473:ERROR:process_reader_win.cc(123)] NtOpenThread: {无法访问} 过程已请求访问一对象，但未给访问权限。 (0xc0000022)
[0318/094510.473:ERROR:exception_snapshot_win.cc(98)] thread ID 13896 not found in process
[0318/094510.774:ERROR:process_info.cc(329)] VirtualQueryEx: 拒绝访问。 (0x5)
[0318/094510.774:ERROR:process_info.cc(556)] ReadMemoryInfo failed
[0318/094510.774:ERROR:process_memory_win.cc(39)] Failed to initialize ProcessInfo.
[0318/094510.775:ERROR:scoped_process_suspend.cc(40)] NtResumeProcess: 已尝试访问正在退出的过程。 (0xc000010a)
[0318/100113.328:ERROR:process_reader_win.cc(123)] NtOpenThread: {无法访问} 过程已请求访问一对象，但未给访问权限。 (0xc0000022)
[0318/100113.335:ERROR:exception_snapshot_win.cc(98)] thread ID 8372 not found in process
[0318/100113.402:ERROR:process_reader_win.cc(123)] NtOpenThread: {无法访问} 过程已请求访问一对象，但未给访问权限。 (0xc0000022)
[0318/100113.402:ERROR:exception_snapshot_win.cc(98)] thread ID 13756 not found in process
[0318/100113.444:ERROR:process_reader_win.cc(123)] NtOpenThread: {无法访问} 过程已请求访问一对象，但未给访问权限。 (0xc0000022)
[0318/100113.444:ERROR:exception_snapshot_win.cc(98)] thread ID 10648 not found in process
[0318/100113.467:ERROR:process_reader_win.cc(123)] NtOpenThread: {无法访问} 过程已请求访问一对象，但未给访问权限。 (0xc0000022)
[0318/100113.467:ERROR:exception_snapshot_win.cc(98)] thread ID 11664 not found in process
[0318/100113.994:ERROR:process_reader_win.cc(123)] NtOpenThread: {无法访问} 过程已请求访问一对象，但未给访问权限。 (0xc0000022)
[0318/100113.994:ERROR:exception_snapshot_win.cc(98)] thread ID 9840 not found in process
[0318/103454.678:ERROR:process_reader_win.cc(123)] NtOpenThread: {无法访问} 过程已请求访问一对象，但未给访问权限。 (0xc0000022)
[0318/103454.684:ERROR:exception_snapshot_win.cc(98)] thread ID 12868 not found in process
[0318/103454.730:ERROR:process_reader_win.cc(123)] NtOpenThread: {无法访问} 过程已请求访问一对象，但未给访问权限。 (0xc0000022)
[0318/103454.730:ERROR:exception_snapshot_win.cc(98)] thread ID 12756 not found in process
[0318/103454.737:ERROR:process_reader_win.cc(123)] NtOpenThread: {无法访问} 过程已请求访问一对象，但未给访问权限。 (0xc0000022)
[0318/103454.738:ERROR:exception_snapshot_win.cc(98)] thread ID 12720 not found in process
[0325/081805.843:ERROR:process_reader_win.cc(123)] NtOpenThread: {无法访问} 过程已请求访问一对象，但未给访问权限。 (0xc0000022)
[0325/081805.850:ERROR:exception_snapshot_win.cc(98)] thread ID 12852 not found in process
[0325/081805.873:ERROR:process_reader_win.cc(123)] NtOpenThread: {无法访问} 过程已请求访问一对象，但未给访问权限。 (0xc0000022)
[0325/081805.873:ERROR:exception_snapshot_win.cc(98)] thread ID 16000 not found in process
[0325/081805.908:ERROR:process_reader_win.cc(123)] NtOpenThread: {无法访问} 过程已请求访问一对象，但未给访问权限。 (0xc0000022)
[0325/081805.908:ERROR:exception_snapshot_win.cc(98)] thread ID 24340 not found in process
[0325/081805.938:ERROR:process_reader_win.cc(123)] NtOpenThread: {无法访问} 过程已请求访问一对象，但未给访问权限。 (0xc0000022)
[0325/081805.938:ERROR:exception_snapshot_win.cc(98)] thread ID 12060 not found in process
[0325/081805.988:ERROR:process_reader_win.cc(123)] NtOpenThread: {无法访问} 过程已请求访问一对象，但未给访问权限。 (0xc0000022)
[0325/081805.989:ERROR:exception_snapshot_win.cc(98)] thread ID 16560 not found in process
[0325/081806.004:ERROR:process_reader_win.cc(123)] NtOpenThread: {无法访问} 过程已请求访问一对象，但未给访问权限。 (0xc0000022)
[0325/081806.004:ERROR:exception_snapshot_win.cc(98)] thread ID 15776 not found in process
[0325/081806.187:ERROR:process_reader_win.cc(123)] NtOpenThread: {无法访问} 过程已请求访问一对象，但未给访问权限。 (0xc0000022)
[0325/081806.188:ERROR:exception_snapshot_win.cc(98)] thread ID 20788 not found in process
[0325/091118.079:ERROR:process_reader_win.cc(123)] NtOpenThread: {无法访问} 过程已请求访问一对象，但未给访问权限。 (0xc0000022)
[0325/091118.089:ERROR:exception_snapshot_win.cc(98)] thread ID 17196 not found in process
[0325/091118.237:ERROR:process_reader_win.cc(123)] NtOpenThread: {无法访问} 过程已请求访问一对象，但未给访问权限。 (0xc0000022)
[0325/091118.239:ERROR:exception_snapshot_win.cc(98)] thread ID 17500 not found in process
[0325/091118.413:ERROR:process_reader_win.cc(123)] NtOpenThread: {无法访问} 过程已请求访问一对象，但未给访问权限。 (0xc0000022)
[0325/091118.413:ERROR:exception_snapshot_win.cc(98)] thread ID 16816 not found in process
[0325/091118.650:ERROR:process_reader_win.cc(123)] NtOpenThread: {无法访问} 过程已请求访问一对象，但未给访问权限。 (0xc0000022)
[0325/091118.651:ERROR:exception_snapshot_win.cc(98)] thread ID 21324 not found in process
[0325/091118.920:ERROR:process_reader_win.cc(123)] NtOpenThread: {无法访问} 过程已请求访问一对象，但未给访问权限。 (0xc0000022)
[0325/091118.920:ERROR:exception_snapshot_win.cc(98)] thread ID 21744 not found in process
[0325/091119.243:ERROR:process_reader_win.cc(123)] NtOpenThread: {无法访问} 过程已请求访问一对象，但未给访问权限。 (0xc0000022)
[0325/091119.259:ERROR:exception_snapshot_win.cc(98)] thread ID 24252 not found in process
[0326/111018.347:ERROR:process_reader_win.cc(123)] NtOpenThread: {无法访问} 过程已请求访问一对象，但未给访问权限。 (0xc0000022)
[0326/111018.353:ERROR:exception_snapshot_win.cc(98)] thread ID 11832 not found in process
[0326/111018.470:ERROR:process_reader_win.cc(123)] NtOpenThread: {无法访问} 过程已请求访问一对象，但未给访问权限。 (0xc0000022)
[0326/111018.470:ERROR:exception_snapshot_win.cc(98)] thread ID 11860 not found in process
[0326/111018.650:ERROR:process_reader_win.cc(123)] NtOpenThread: {无法访问} 过程已请求访问一对象，但未给访问权限。 (0xc0000022)
[0326/111018.650:ERROR:exception_snapshot_win.cc(98)] thread ID 12724 not found in process
[0326/111018.860:ERROR:process_reader_win.cc(123)] NtOpenThread: {无法访问} 过程已请求访问一对象，但未给访问权限。 (0xc0000022)
[0326/111018.860:ERROR:exception_snapshot_win.cc(98)] thread ID 11536 not found in process
[0326/111019.071:ERROR:process_reader_win.cc(123)] NtOpenThread: {无法访问} 过程已请求访问一对象，但未给访问权限。 (0xc0000022)
[0326/111019.071:ERROR:exception_snapshot_win.cc(98)] thread ID 8976 not found in process
[0326/111019.260:ERROR:process_reader_win.cc(123)] NtOpenThread: {无法访问} 过程已请求访问一对象，但未给访问权限。 (0xc0000022)
[0326/111019.260:ERROR:exception_snapshot_win.cc(98)] thread ID 9700 not found in process
[0326/111019.644:ERROR:process_reader_win.cc(123)] NtOpenThread: {无法访问} 过程已请求访问一对象，但未给访问权限。 (0xc0000022)
[0326/111019.644:ERROR:exception_snapshot_win.cc(98)] thread ID 12700 not found in process
[0326/112237.210:ERROR:process_reader_win.cc(123)] NtOpenThread: {无法访问} 过程已请求访问一对象，但未给访问权限。 (0xc0000022)
[0326/112237.246:ERROR:exception_snapshot_win.cc(98)] thread ID 1360 not found in process
[0326/112237.247:ERROR:process_reader_win.cc(123)] NtOpenThread: {无法访问} 过程已请求访问一对象，但未给访问权限。 (0xc0000022)
[0326/112237.247:ERROR:exception_snapshot_win.cc(98)] thread ID 7680 not found in process
[0326/112237.276:ERROR:process_reader_win.cc(123)] NtOpenThread: {无法访问} 过程已请求访问一对象，但未给访问权限。 (0xc0000022)
[0326/112237.276:ERROR:exception_snapshot_win.cc(98)] thread ID 9580 not found in process
[0326/112237.287:ERROR:process_reader_win.cc(123)] NtOpenThread: {无法访问} 过程已请求访问一对象，但未给访问权限。 (0xc0000022)
[0326/112237.287:ERROR:exception_snapshot_win.cc(98)] thread ID 11188 not found in process
[0326/112237.414:ERROR:process_reader_win.cc(123)] NtOpenThread: {无法访问} 过程已请求访问一对象，但未给访问权限。 (0xc0000022)
[0326/112237.414:ERROR:exception_snapshot_win.cc(98)] thread ID 1584 not found in process
[0326/112237.499:ERROR:process_reader_win.cc(123)] NtOpenThread: {无法访问} 过程已请求访问一对象，但未给访问权限。 (0xc0000022)
[0326/112237.499:ERROR:exception_snapshot_win.cc(98)] thread ID 12380 not found in process
[0326/112237.506:ERROR:process_reader_win.cc(123)] NtOpenThread: {无法访问} 过程已请求访问一对象，但未给访问权限。 (0xc0000022)
[0326/112237.506:ERROR:exception_snapshot_win.cc(98)] thread ID 12424 not found in process
[0326/113624.365:ERROR:process_reader_win.cc(123)] NtOpenThread: {无法访问} 过程已请求访问一对象，但未给访问权限。 (0xc0000022)
[0326/113624.373:ERROR:exception_snapshot_win.cc(98)] thread ID 11544 not found in process
[0326/113624.366:ERROR:process_reader_win.cc(151)] SuspendThread: 拒绝访问。 (0x5)
[0326/113624.379:ERROR:process_reader_win.cc(123)] NtOpenThread: {无法访问} 过程已请求访问一对象，但未给访问权限。 (0xc0000022)
[0326/113624.379:ERROR:exception_snapshot_win.cc(98)] thread ID 5004 not found in process
[0326/113624.422:ERROR:process_reader_win.cc(123)] NtOpenThread: {无法访问} 过程已请求访问一对象，但未给访问权限。 (0xc0000022)
[0326/113624.422:ERROR:exception_snapshot_win.cc(98)] thread ID 9960 not found in process
[0326/113624.522:ERROR:process_reader_win.cc(123)] NtOpenThread: {无法访问} 过程已请求访问一对象，但未给访问权限。 (0xc0000022)
[0326/113624.523:ERROR:exception_snapshot_win.cc(98)] thread ID 2952 not found in process
[0326/113624.586:ERROR:process_reader_win.cc(123)] NtOpenThread: {无法访问} 过程已请求访问一对象，但未给访问权限。 (0xc0000022)
[0326/113624.586:ERROR:exception_snapshot_win.cc(98)] thread ID 13156 not found in process
[0326/113624.589:ERROR:process_reader_win.cc(123)] NtOpenThread: {无法访问} 过程已请求访问一对象，但未给访问权限。 (0xc0000022)
[0326/113624.589:ERROR:exception_snapshot_win.cc(98)] thread ID 11900 not found in process
[0326/113624.621:ERROR:process_reader_win.cc(123)] NtOpenThread: {无法访问} 过程已请求访问一对象，但未给访问权限。 (0xc0000022)
[0326/113624.621:ERROR:exception_snapshot_win.cc(98)] thread ID 12116 not found in process
[0326/115356.853:ERROR:process_reader_win.cc(123)] NtOpenThread: {无法访问} 过程已请求访问一对象，但未给访问权限。 (0xc0000022)
[0326/115356.872:ERROR:exception_snapshot_win.cc(98)] thread ID 7388 not found in process
[0326/115356.883:ERROR:process_reader_win.cc(123)] NtOpenThread: {无法访问} 过程已请求访问一对象，但未给访问权限。 (0xc0000022)
[0326/115356.883:ERROR:exception_snapshot_win.cc(98)] thread ID 12912 not found in process
[0326/115356.915:ERROR:process_reader_win.cc(123)] NtOpenThread: {无法访问} 过程已请求访问一对象，但未给访问权限。 (0xc0000022)
[0326/115356.915:ERROR:exception_snapshot_win.cc(98)] thread ID 10656 not found in process
[0326/115357.062:ERROR:process_reader_win.cc(123)] NtOpenThread: {无法访问} 过程已请求访问一对象，但未给访问权限。 (0xc0000022)
[0326/115357.062:ERROR:exception_snapshot_win.cc(98)] thread ID 13048 not found in process
[0326/115357.091:ERROR:process_reader_win.cc(123)] NtOpenThread: {无法访问} 过程已请求访问一对象，但未给访问权限。 (0xc0000022)
[0326/115357.091:ERROR:exception_snapshot_win.cc(98)] thread ID 12504 not found in process
